ISim log file
Running: I:\Projects\P5\P5_361_F19_tf_isim_beh.exe -intstyle ise -gui -tclbatch isim.cmd -wdb I:/Projects/P5/P5_361_F19_tf_isim_beh.wdb 
ISim P.20131013 (signature 0x7708f090)
WARNING: A WEBPACK license was found.
WARNING: Please use Xilinx License Configuration Manager to check out a full ISim license.
WARNING: ISim will run in Lite mode. Please refer to the ISim documentation for more information on the differences between the Lite and the Full version.
This is a Lite version of ISim.
Time resolution is 1 ps
# onerror resume
# wave add /
# run 30 ms
Simulator is doing circuit initialization process.
Verifying all requirements...
Finished circuit initialization process.
Requirement 1 Correct.
Reset shall bring the VGA Synchronization circuit to a known state with all outputs inactive.
Expected: 4095 Got: 4080 x:  32 y:   0
Expected: 4095 Got:   15 x:  33 y:   0
Expected: 4095 Got:   15 x:  34 y:   0
Expected: 4095 Got:   15 x:  35 y:   0
Expected: 4095 Got: 4080 x:  32 y:   1
Expected: 4095 Got:   15 x:  33 y:   1
Expected: 4095 Got:   15 x:  34 y:   1
Expected: 4095 Got:   15 x:  35 y:   1
Expected: 4095 Got: 4080 x:  32 y:   2
Expected: 4095 Got:   15 x:  33 y:   2
Expected: 4095 Got:   15 x:  34 y:   2
Expected: 4095 Got:   15 x:  35 y:   2
Expected: 4095 Got: 4080 x:  32 y:   3
Expected: 4095 Got:   15 x:  33 y:   3
Expected: 4095 Got:   15 x:  34 y:   3
Expected: 4095 Got:   15 x:  35 y:   3
Expected: 4095 Got: 4080 x:  32 y:   4
Expected: 4095 Got:   15 x:  33 y:   4
Expected: 4095 Got:   15 x:  34 y:   4
Expected: 4095 Got:   15 x:  35 y:   4
Expected: 4095 Got: 4080 x:  32 y:   5
Expected: 4095 Got:   15 x:  33 y:   5
Expected: 4095 Got:   15 x:  34 y:   5
Expected: 4095 Got:   15 x:  35 y:   5
Expected: 4095 Got: 4080 x:  32 y:   6
Expected: 4095 Got:   15 x:  33 y:   6
Expected: 4095 Got:   15 x:  34 y:   6
Expected: 4095 Got:   15 x:  35 y:   6
Expected: 4095 Got: 4080 x:  32 y:   7
Expected: 4095 Got:   15 x:  33 y:   7
Expected: 4095 Got:   15 x:  34 y:   7
Expected: 4095 Got:   15 x:  35 y:   7
Expected: 4095 Got: 4080 x:  32 y:   8
Expected: 4095 Got:   15 x:  33 y:   8
Expected: 4095 Got:   15 x:  34 y:   8
Expected: 4095 Got:   15 x:  35 y:   8
Expected: 4095 Got: 4080 x:  32 y:   9
Expected: 4095 Got:   15 x:  33 y:   9
Expected: 4095 Got:   15 x:  34 y:   9
Expected: 4095 Got:   15 x:  35 y:   9
Expected: 4095 Got: 4080 x:  32 y:  10
Expected: 4095 Got:   15 x:  33 y:  10
Expected: 4095 Got:   15 x:  34 y:  10
Expected: 4095 Got:   15 x:  35 y:  10
Expected: 4095 Got: 4080 x:  32 y:  11
Expected: 4095 Got:   15 x:  33 y:  11
Expected: 4095 Got:   15 x:  34 y:  11
Expected: 4095 Got:   15 x:  35 y:  11
Expected: 4095 Got: 4080 x:  32 y:  12
Expected: 4095 Got:   15 x:  33 y:  12
Expected: 4095 Got:   15 x:  34 y:  12
Expected: 4095 Got:   15 x:  35 y:  12
Expected: 4095 Got: 4080 x:  32 y:  13
Expected: 4095 Got:   15 x:  33 y:  13
Expected: 4095 Got:   15 x:  34 y:  13
Expected: 4095 Got:   15 x:  35 y:  13
Expected: 4095 Got: 4080 x:  32 y:  14
Expected: 4095 Got:   15 x:  33 y:  14
Expected: 4095 Got:   15 x:  34 y:  14
Expected: 4095 Got:   15 x:  35 y:  14
Expected: 4095 Got: 4080 x:  32 y:  15
Expected: 4095 Got:   15 x:  33 y:  15
Expected: 4095 Got:   15 x:  34 y:  15
Expected: 4095 Got:   15 x:  35 y:  15
Expected: 4095 Got: 4080 x:  32 y:  16
Expected: 4095 Got:   15 x:  33 y:  16
Expected: 4095 Got:   15 x:  34 y:  16
Expected: 4095 Got:   15 x:  35 y:  16
Expected: 4095 Got: 4080 x:  32 y:  17
Expected: 4095 Got:   15 x:  33 y:  17
Expected: 4095 Got:   15 x:  34 y:  17
Expected: 4095 Got:   15 x:  35 y:  17
Expected: 4095 Got: 4080 x:  32 y:  18
Expected: 4095 Got:   15 x:  33 y:  18
Expected: 4095 Got:   15 x:  34 y:  18
Expected: 4095 Got:   15 x:  35 y:  18
Expected: 4095 Got: 4080 x:  32 y:  19
Expected: 4095 Got:   15 x:  33 y:  19
Expected: 4095 Got:   15 x:  34 y:  19
Expected: 4095 Got:   15 x:  35 y:  19
Expected: 4095 Got: 4080 x:  32 y:  20
Expected: 4095 Got:   15 x:  33 y:  20
Expected: 4095 Got:   15 x:  34 y:  20
Expected: 4095 Got:   15 x:  35 y:  20
Expected: 4095 Got: 4080 x:  32 y:  21
Expected: 4095 Got:   15 x:  33 y:  21
Expected: 4095 Got:   15 x:  34 y:  21
Expected: 4095 Got:   15 x:  35 y:  21
Expected: 4095 Got: 4080 x:  32 y:  22
Expected: 4095 Got:   15 x:  33 y:  22
Expected: 4095 Got:   15 x:  34 y:  22
Expected: 4095 Got:   15 x:  35 y:  22
Expected: 4095 Got: 4080 x:  32 y:  23
Expected: 4095 Got:   15 x:  33 y:  23
Expected: 4095 Got:   15 x:  34 y:  23
Expected: 4095 Got:   15 x:  35 y:  23
Expected: 4095 Got: 4080 x:  32 y:  24
Expected: 4095 Got:   15 x:  33 y:  24
Expected: 4095 Got:   15 x:  34 y:  24
Expected: 4095 Got:   15 x:  35 y:  24
Expected: 4095 Got: 4080 x:  32 y:  25
Expected: 4095 Got:   15 x:  33 y:  25
Expected: 4095 Got:   15 x:  34 y:  25
Expected: 4095 Got:   15 x:  35 y:  25
Expected: 4095 Got: 4080 x:  32 y:  26
Expected: 4095 Got:   15 x:  33 y:  26
Expected: 4095 Got:   15 x:  34 y:  26
Expected: 4095 Got:   15 x:  35 y:  26
Expected: 4095 Got: 4080 x:  32 y:  27
Expected: 4095 Got:   15 x:  33 y:  27
Expected: 4095 Got:   15 x:  34 y:  27
Expected: 4095 Got:   15 x:  35 y:  27
Expected: 4095 Got: 4080 x:  32 y:  28
Expected: 4095 Got:   15 x:  33 y:  28
Expected: 4095 Got:   15 x:  34 y:  28
Expected: 4095 Got:   15 x:  35 y:  28
Expected: 4095 Got: 4080 x:  32 y:  29
Expected: 4095 Got:   15 x:  33 y:  29
Expected: 4095 Got:   15 x:  34 y:  29
Expected: 4095 Got:   15 x:  35 y:  29
Expected: 4095 Got: 4080 x:  32 y:  30
Expected: 4095 Got:   15 x:  33 y:  30
Expected: 4095 Got:   15 x:  34 y:  30
Expected: 4095 Got:   15 x:  35 y:  30
Expected: 4095 Got: 4080 x:  32 y:  31
Expected: 4095 Got:   15 x:  33 y:  31
Expected: 4095 Got:   15 x:  34 y:  31
Expected: 4095 Got:   15 x:  35 y:  31
Expected: 4095 Got: 4080 x:  32 y:  32
Expected: 4095 Got:   15 x:  33 y:  32
Expected: 4095 Got:   15 x:  34 y:  32
Expected: 4095 Got:   15 x:  35 y:  32
Expected: 4095 Got: 4080 x:  32 y:  33
Expected: 4095 Got:   15 x:  33 y:  33
Expected: 4095 Got:   15 x:  34 y:  33
Expected: 4095 Got:   15 x:  35 y:  33
Expected: 4095 Got: 4080 x:  32 y:  34
Expected: 4095 Got:   15 x:  33 y:  34
Expected: 4095 Got:   15 x:  34 y:  34
Expected: 4095 Got:   15 x:  35 y:  34
Expected: 4095 Got: 4080 x:  32 y:  35
Expected: 4095 Got:   15 x:  33 y:  35
Expected: 4095 Got:   15 x:  34 y:  35
Expected: 4095 Got:   15 x:  35 y:  35
Expected: 4095 Got: 4080 x:  32 y:  36
Expected: 4095 Got:   15 x:  33 y:  36
Expected: 4095 Got:   15 x:  34 y:  36
Expected: 4095 Got:   15 x:  35 y:  36
Expected: 4095 Got: 4080 x:  32 y:  37
Expected: 4095 Got:   15 x:  33 y:  37
Expected: 4095 Got:   15 x:  34 y:  37
Expected: 4095 Got:   15 x:  35 y:  37
Expected: 4095 Got: 4080 x:  32 y:  38
Expected: 4095 Got:   15 x:  33 y:  38
Expected: 4095 Got:   15 x:  34 y:  38
Expected: 4095 Got:   15 x:  35 y:  38
Expected: 4095 Got: 4080 x:  32 y:  39
Expected: 4095 Got:   15 x:  33 y:  39
Expected: 4095 Got:   15 x:  34 y:  39
Expected: 4095 Got:   15 x:  35 y:  39
Expected: 4095 Got: 4080 x:  32 y:  40
Expected: 4095 Got:   15 x:  33 y:  40
Expected: 4095 Got:   15 x:  34 y:  40
Expected: 4095 Got:   15 x:  35 y:  40
Expected: 4095 Got: 4080 x:  32 y:  41
Expected: 4095 Got:   15 x:  33 y:  41
Expected: 4095 Got:   15 x:  34 y:  41
Expected: 4095 Got:   15 x:  35 y:  41
Expected: 4095 Got: 4080 x:  32 y:  42
Expected: 4095 Got:   15 x:  33 y:  42
Expected: 4095 Got:   15 x:  34 y:  42
Expected: 4095 Got:   15 x:  35 y:  42
Expected: 4095 Got: 4080 x:  32 y:  43
Expected: 4095 Got:   15 x:  33 y:  43
Expected: 4095 Got:   15 x:  34 y:  43
Expected: 4095 Got:   15 x:  35 y:  43
Expected: 4095 Got: 4080 x:  32 y:  44
Expected: 4095 Got:   15 x:  33 y:  44
Expected: 4095 Got:   15 x:  34 y:  44
Expected: 4095 Got:   15 x:  35 y:  44
Expected: 4095 Got: 4080 x:  32 y:  45
Expected: 4095 Got:   15 x:  33 y:  45
Expected: 4095 Got:   15 x:  34 y:  45
Expected: 4095 Got:   15 x:  35 y:  45
Expected: 4095 Got: 4080 x:  32 y:  46
Expected: 4095 Got:   15 x:  33 y:  46
Expected: 4095 Got:   15 x:  34 y:  46
Expected: 4095 Got:   15 x:  35 y:  46
Expected: 4095 Got: 4080 x:  32 y:  47
Expected: 4095 Got:   15 x:  33 y:  47
Expected: 4095 Got:   15 x:  34 y:  47
Expected: 4095 Got:   15 x:  35 y:  47
Expected: 4095 Got: 4080 x:  32 y:  48
Expected: 4095 Got:   15 x:  33 y:  48
Expected: 4095 Got:   15 x:  34 y:  48
Expected: 4095 Got:   15 x:  35 y:  48
Expected: 4095 Got: 4080 x:  32 y:  49
Expected: 4095 Got:   15 x:  33 y:  49
Expected: 4095 Got:   15 x:  34 y:  49
Expected: 4095 Got:   15 x:  35 y:  49
Expected: 4095 Got: 4080 x:  32 y:  50
Expected: 4095 Got:   15 x:  33 y:  50
Expected: 4095 Got:   15 x:  34 y:  50
Expected: 4095 Got:   15 x:  35 y:  50
Expected: 4095 Got: 4080 x:  32 y:  51
Expected: 4095 Got:   15 x:  33 y:  51
Expected: 4095 Got:   15 x:  34 y:  51
Expected: 4095 Got:   15 x:  35 y:  51
Expected: 4095 Got: 4080 x:  32 y:  52
Expected: 4095 Got:   15 x:  33 y:  52
Expected: 4095 Got:   15 x:  34 y:  52
Expected: 4095 Got:   15 x:  35 y:  52
Expected: 4095 Got: 4080 x:  32 y:  53
Expected: 4095 Got:   15 x:  33 y:  53
Expected: 4095 Got:   15 x:  34 y:  53
Expected: 4095 Got:   15 x:  35 y:  53
Expected: 4095 Got: 4080 x:  32 y:  54
Expected: 4095 Got:   15 x:  33 y:  54
Expected: 4095 Got:   15 x:  34 y:  54
Expected: 4095 Got:   15 x:  35 y:  54
Expected: 4095 Got: 4080 x:  32 y:  55
Expected: 4095 Got:   15 x:  33 y:  55
Expected: 4095 Got:   15 x:  34 y:  55
Expected: 4095 Got:   15 x:  35 y:  55
Expected: 4095 Got: 4080 x:  32 y:  56
Expected: 4095 Got:   15 x:  33 y:  56
Expected: 4095 Got:   15 x:  34 y:  56
Expected: 4095 Got:   15 x:  35 y:  56
Expected: 4095 Got: 4080 x:  32 y:  57
Expected: 4095 Got:   15 x:  33 y:  57
Expected: 4095 Got:   15 x:  34 y:  57
Expected: 4095 Got:   15 x:  35 y:  57
Expected: 4095 Got: 4080 x:  32 y:  58
Expected: 4095 Got:   15 x:  33 y:  58
Expected: 4095 Got:   15 x:  34 y:  58
Expected: 4095 Got:   15 x:  35 y:  58
Expected: 4095 Got: 4080 x:  32 y:  59
Expected: 4095 Got:   15 x:  33 y:  59
Expected: 4095 Got:   15 x:  34 y:  59
Expected: 4095 Got:   15 x:  35 y:  59
Expected: 4095 Got: 4080 x:  32 y:  60
Expected: 4095 Got:   15 x:  33 y:  60
Expected: 4095 Got:   15 x:  34 y:  60
Expected: 4095 Got:   15 x:  35 y:  60
Expected: 4095 Got: 4080 x:  32 y:  61
Expected: 4095 Got:   15 x:  33 y:  61
Expected: 4095 Got:   15 x:  34 y:  61
Expected: 4095 Got:   15 x:  35 y:  61
Expected: 4095 Got: 4080 x:  32 y:  62
Expected: 4095 Got:   15 x:  33 y:  62
Expected: 4095 Got:   15 x:  34 y:  62
Expected: 4095 Got:   15 x:  35 y:  62
Expected: 4095 Got: 4080 x:  32 y:  63
Expected: 4095 Got:   15 x:  33 y:  63
Expected: 4095 Got:   15 x:  34 y:  63
Expected: 4095 Got:   15 x:  35 y:  63
Expected: 4095 Got: 4080 x:  32 y:  64
Expected: 4095 Got:   15 x:  33 y:  64
Expected: 4095 Got:   15 x:  34 y:  64
Expected: 4095 Got:   15 x:  35 y:  64
Expected: 4095 Got: 4080 x:  32 y:  65
Expected: 4095 Got:   15 x:  33 y:  65
Expected: 4095 Got:   15 x:  34 y:  65
Expected: 4095 Got:   15 x:  35 y:  65
Expected: 4095 Got: 4080 x:  32 y:  66
Expected: 4095 Got:   15 x:  33 y:  66
Expected: 4095 Got:   15 x:  34 y:  66
Expected: 4095 Got:   15 x:  35 y:  66
Expected: 4095 Got: 4080 x:  32 y:  67
Expected: 4095 Got:   15 x:  33 y:  67
Expected: 4095 Got:   15 x:  34 y:  67
Expected: 4095 Got:   15 x:  35 y:  67
Expected: 4095 Got: 4080 x:  32 y:  68
Expected: 4095 Got:   15 x:  33 y:  68
Expected: 4095 Got:   15 x:  34 y:  68
Expected: 4095 Got:   15 x:  35 y:  68
Expected: 4095 Got: 4080 x:  32 y:  69
Expected: 4095 Got:   15 x:  33 y:  69
Expected: 4095 Got:   15 x:  34 y:  69
Expected: 4095 Got:   15 x:  35 y:  69
Expected: 4095 Got: 4080 x:  32 y:  70
Expected: 4095 Got:   15 x:  33 y:  70
Expected: 4095 Got:   15 x:  34 y:  70
Expected: 4095 Got:   15 x:  35 y:  70
Expected: 4095 Got: 4080 x:  32 y:  71
Expected: 4095 Got:   15 x:  33 y:  71
Expected: 4095 Got:   15 x:  34 y:  71
Expected: 4095 Got:   15 x:  35 y:  71
Expected: 4095 Got: 4080 x:  32 y:  72
Expected: 4095 Got:   15 x:  33 y:  72
Expected: 4095 Got:   15 x:  34 y:  72
Expected: 4095 Got:   15 x:  35 y:  72
Expected: 4095 Got: 4080 x:  32 y:  73
Expected: 4095 Got:   15 x:  33 y:  73
Expected: 4095 Got:   15 x:  34 y:  73
Expected: 4095 Got:   15 x:  35 y:  73
Expected: 4095 Got: 4080 x:  32 y:  74
Expected: 4095 Got:   15 x:  33 y:  74
Expected: 4095 Got:   15 x:  34 y:  74
Expected: 4095 Got:   15 x:  35 y:  74
Expected: 4095 Got: 4080 x:  32 y:  75
Expected: 4095 Got:   15 x:  33 y:  75
Expected: 4095 Got:   15 x:  34 y:  75
Expected: 4095 Got:   15 x:  35 y:  75
Expected: 4095 Got: 4080 x:  32 y:  76
Expected: 4095 Got:   15 x:  33 y:  76
Expected: 4095 Got:   15 x:  34 y:  76
Expected: 4095 Got:   15 x:  35 y:  76
Expected: 4095 Got: 4080 x:  32 y:  77
Expected: 4095 Got:   15 x:  33 y:  77
Expected: 4095 Got:   15 x:  34 y:  77
Expected: 4095 Got:   15 x:  35 y:  77
Expected: 4095 Got: 4080 x:  32 y:  78
Expected: 4095 Got:   15 x:  33 y:  78
Expected: 4095 Got:   15 x:  34 y:  78
Expected: 4095 Got:   15 x:  35 y:  78
Expected: 4095 Got: 4080 x:  32 y:  79
Expected: 4095 Got:   15 x:  33 y:  79
Expected: 4095 Got:   15 x:  34 y:  79
Expected: 4095 Got:   15 x:  35 y:  79
Expected: 4095 Got: 4080 x:  32 y:  80
Expected: 4095 Got:   15 x:  33 y:  80
Expected: 4095 Got:   15 x:  34 y:  80
Expected: 4095 Got:   15 x:  35 y:  80
Expected: 4095 Got: 4080 x:  32 y:  81
Expected: 4095 Got:   15 x:  33 y:  81
Expected: 4095 Got:   15 x:  34 y:  81
Expected: 4095 Got:   15 x:  35 y:  81
Expected: 4095 Got: 4080 x:  32 y:  82
Expected: 4095 Got:   15 x:  33 y:  82
Expected: 4095 Got:   15 x:  34 y:  82
Expected: 4095 Got:   15 x:  35 y:  82
Expected: 4095 Got: 4080 x:  32 y:  83
Expected: 4095 Got:   15 x:  33 y:  83
Expected: 4095 Got:   15 x:  34 y:  83
Expected: 4095 Got:   15 x:  35 y:  83
Expected: 4095 Got: 4080 x:  32 y:  84
Expected: 4095 Got:   15 x:  33 y:  84
Expected: 4095 Got:   15 x:  34 y:  84
Expected: 4095 Got:   15 x:  35 y:  84
Expected: 4095 Got: 4080 x:  32 y:  85
Expected: 4095 Got:   15 x:  33 y:  85
Expected: 4095 Got:   15 x:  34 y:  85
Expected: 4095 Got:   15 x:  35 y:  85
Expected: 4095 Got: 4080 x:  32 y:  86
Expected: 4095 Got:   15 x:  33 y:  86
Expected: 4095 Got:   15 x:  34 y:  86
Expected: 4095 Got:   15 x:  35 y:  86
Expected: 4095 Got: 4080 x:  32 y:  87
Expected: 4095 Got:   15 x:  33 y:  87
Expected: 4095 Got:   15 x:  34 y:  87
Expected: 4095 Got:   15 x:  35 y:  87
Expected: 4095 Got: 4080 x:  32 y:  88
Expected: 4095 Got:   15 x:  33 y:  88
Expected: 4095 Got:   15 x:  34 y:  88
Expected: 4095 Got:   15 x:  35 y:  88
Expected: 4095 Got: 4080 x:  32 y:  89
Expected: 4095 Got:   15 x:  33 y:  89
Expected: 4095 Got:   15 x:  34 y:  89
Expected: 4095 Got:   15 x:  35 y:  89
Expected: 4095 Got: 4080 x:  32 y:  90
Expected: 4095 Got:   15 x:  33 y:  90
Expected: 4095 Got:   15 x:  34 y:  90
Expected: 4095 Got:   15 x:  35 y:  90
Expected: 4095 Got: 4080 x:  32 y:  91
Expected: 4095 Got:   15 x:  33 y:  91
Expected: 4095 Got:   15 x:  34 y:  91
Expected: 4095 Got:   15 x:  35 y:  91
Expected: 4095 Got: 4080 x:  32 y:  92
Expected: 4095 Got:   15 x:  33 y:  92
Expected: 4095 Got:   15 x:  34 y:  92
Expected: 4095 Got:   15 x:  35 y:  92
Expected: 4095 Got: 4080 x:  32 y:  93
Expected: 4095 Got:   15 x:  33 y:  93
Expected: 4095 Got:   15 x:  34 y:  93
Expected: 4095 Got:   15 x:  35 y:  93
Expected: 4095 Got: 4080 x:  32 y:  94
Expected: 4095 Got:   15 x:  33 y:  94
Expected: 4095 Got:   15 x:  34 y:  94
Expected: 4095 Got:   15 x:  35 y:  94
Expected: 4095 Got: 4080 x:  32 y:  95
Expected: 4095 Got:   15 x:  33 y:  95
Expected: 4095 Got:   15 x:  34 y:  95
Expected: 4095 Got:   15 x:  35 y:  95
Expected: 4095 Got: 4080 x:  32 y:  96
Expected: 4095 Got:   15 x:  33 y:  96
Expected: 4095 Got:   15 x:  34 y:  96
Expected: 4095 Got:   15 x:  35 y:  96
Expected: 4095 Got: 4080 x:  32 y:  97
Expected: 4095 Got:   15 x:  33 y:  97
Expected: 4095 Got:   15 x:  34 y:  97
Expected: 4095 Got:   15 x:  35 y:  97
Expected: 4095 Got: 4080 x:  32 y:  98
Expected: 4095 Got:   15 x:  33 y:  98
Expected: 4095 Got:   15 x:  34 y:  98
Expected: 4095 Got:   15 x:  35 y:  98
Expected: 4095 Got: 4080 x:  32 y:  99
Expected: 4095 Got:   15 x:  33 y:  99
Expected: 4095 Got:   15 x:  34 y:  99
Expected: 4095 Got:   15 x:  35 y:  99
Expected: 4095 Got: 4080 x:  32 y: 100
Expected: 4095 Got:   15 x:  33 y: 100
Expected: 4095 Got:   15 x:  34 y: 100
Expected: 4095 Got:   15 x:  35 y: 100
Expected: 4095 Got: 4080 x:  32 y: 101
Expected: 4095 Got:   15 x:  33 y: 101
Expected: 4095 Got:   15 x:  34 y: 101
Expected: 4095 Got:   15 x:  35 y: 101
Expected: 4095 Got: 4080 x:  32 y: 102
Expected: 4095 Got:   15 x:  33 y: 102
Expected: 4095 Got:   15 x:  34 y: 102
Expected: 4095 Got:   15 x:  35 y: 102
Expected: 4095 Got: 4080 x:  32 y: 103
Expected: 4095 Got:   15 x:  33 y: 103
Expected: 4095 Got:   15 x:  34 y: 103
Expected: 4095 Got:   15 x:  35 y: 103
Expected: 4095 Got: 4080 x:  32 y: 104
Expected: 4095 Got:   15 x:  33 y: 104
Expected: 4095 Got:   15 x:  34 y: 104
Expected: 4095 Got:   15 x:  35 y: 104
Expected: 4095 Got: 4080 x:  32 y: 105
Expected: 4095 Got:   15 x:  33 y: 105
Expected: 4095 Got:   15 x:  34 y: 105
Expected: 4095 Got:   15 x:  35 y: 105
Expected: 4095 Got: 4080 x:  32 y: 106
Expected: 4095 Got:   15 x:  33 y: 106
Expected: 4095 Got:   15 x:  34 y: 106
Expected: 4095 Got:   15 x:  35 y: 106
Expected: 4095 Got: 4080 x:  32 y: 107
Expected: 4095 Got:   15 x:  33 y: 107
Expected: 4095 Got:   15 x:  34 y: 107
Expected: 4095 Got:   15 x:  35 y: 107
Expected: 4095 Got: 4080 x:  32 y: 108
Expected: 4095 Got:   15 x:  33 y: 108
Expected: 4095 Got:   15 x:  34 y: 108
Expected: 4095 Got:   15 x:  35 y: 108
Expected: 4095 Got: 4080 x:  32 y: 109
Expected: 4095 Got:   15 x:  33 y: 109
Expected: 4095 Got:   15 x:  34 y: 109
Expected: 4095 Got:   15 x:  35 y: 109
Expected: 4095 Got: 4080 x:  32 y: 110
Expected: 4095 Got:   15 x:  33 y: 110
Expected: 4095 Got:   15 x:  34 y: 110
Expected: 4095 Got:   15 x:  35 y: 110
Expected: 4095 Got: 4080 x:  32 y: 111
Expected: 4095 Got:   15 x:  33 y: 111
Expected: 4095 Got:   15 x:  34 y: 111
Expected: 4095 Got:   15 x:  35 y: 111
Expected: 4095 Got: 4080 x:  32 y: 112
Expected: 4095 Got:   15 x:  33 y: 112
Expected: 4095 Got:   15 x:  34 y: 112
Expected: 4095 Got:   15 x:  35 y: 112
Expected: 4095 Got: 4080 x:  32 y: 113
Expected: 4095 Got:   15 x:  33 y: 113
Expected: 4095 Got:   15 x:  34 y: 113
Expected: 4095 Got:   15 x:  35 y: 113
Expected: 4095 Got: 4080 x:  32 y: 114
Expected: 4095 Got:   15 x:  33 y: 114
Expected: 4095 Got:   15 x:  34 y: 114
Expected: 4095 Got:   15 x:  35 y: 114
Expected: 4095 Got: 4080 x:  32 y: 115
Expected: 4095 Got:   15 x:  33 y: 115
Expected: 4095 Got:   15 x:  34 y: 115
Expected: 4095 Got:   15 x:  35 y: 115
Expected: 4095 Got: 4080 x:  32 y: 116
Expected: 4095 Got:   15 x:  33 y: 116
Expected: 4095 Got:   15 x:  34 y: 116
Expected: 4095 Got:   15 x:  35 y: 116
Expected: 4095 Got: 4080 x:  32 y: 117
Expected: 4095 Got:   15 x:  33 y: 117
Expected: 4095 Got:   15 x:  34 y: 117
Expected: 4095 Got:   15 x:  35 y: 117
Expected: 4095 Got: 4080 x:  32 y: 118
Expected: 4095 Got:   15 x:  33 y: 118
Expected: 4095 Got:   15 x:  34 y: 118
Expected: 4095 Got:   15 x:  35 y: 118
Expected: 4095 Got: 4080 x:  32 y: 119
Expected: 4095 Got:   15 x:  33 y: 119
Expected: 4095 Got:   15 x:  34 y: 119
Expected: 4095 Got:   15 x:  35 y: 119
Expected: 4095 Got: 4080 x:  32 y: 120
Expected: 4095 Got:   15 x:  33 y: 120
Expected: 4095 Got:   15 x:  34 y: 120
Expected: 4095 Got:   15 x:  35 y: 120
Expected: 4095 Got: 4080 x:  32 y: 121
Expected: 4095 Got:   15 x:  33 y: 121
Expected: 4095 Got:   15 x:  34 y: 121
Expected: 4095 Got:   15 x:  35 y: 121
Expected: 4095 Got: 4080 x:  32 y: 122
Expected: 4095 Got:   15 x:  33 y: 122
Expected: 4095 Got:   15 x:  34 y: 122
Expected: 4095 Got:   15 x:  35 y: 122
Expected: 4095 Got: 4080 x:  32 y: 123
Expected: 4095 Got:   15 x:  33 y: 123
Expected: 4095 Got:   15 x:  34 y: 123
Expected: 4095 Got:   15 x:  35 y: 123
Expected: 4095 Got: 4080 x:  32 y: 124
Expected: 4095 Got:   15 x:  33 y: 124
Expected: 4095 Got:   15 x:  34 y: 124
Expected: 4095 Got:   15 x:  35 y: 124
Expected: 4095 Got: 4080 x:  32 y: 125
Expected: 4095 Got:   15 x:  33 y: 125
Expected: 4095 Got:   15 x:  34 y: 125
Expected: 4095 Got:   15 x:  35 y: 125
Expected: 4095 Got: 4080 x:  32 y: 126
Expected: 4095 Got:   15 x:  33 y: 126
Expected: 4095 Got:   15 x:  34 y: 126
Expected: 4095 Got:   15 x:  35 y: 126
Expected: 4095 Got: 4080 x:  32 y: 127
Expected: 4095 Got:   15 x:  33 y: 127
Expected: 4095 Got:   15 x:  34 y: 127
Expected: 4095 Got:   15 x:  35 y: 127
Expected: 4095 Got: 4080 x:  32 y: 128
Expected: 4095 Got:   15 x:  33 y: 128
Expected: 4095 Got:   15 x:  34 y: 128
Expected: 4095 Got:   15 x:  35 y: 128
Expected: 4095 Got: 4080 x:  32 y: 129
Expected: 4095 Got:   15 x:  33 y: 129
Expected: 4095 Got:   15 x:  34 y: 129
Expected: 4095 Got:   15 x:  35 y: 129
Expected: 4095 Got: 4080 x:  32 y: 130
Expected: 4095 Got:   15 x:  33 y: 130
Expected: 4095 Got:   15 x:  34 y: 130
Expected: 4095 Got:   15 x:  35 y: 130
Expected: 4095 Got: 4080 x:  32 y: 131
Expected: 4095 Got:   15 x:  33 y: 131
Expected: 4095 Got:   15 x:  34 y: 131
Expected: 4095 Got:   15 x:  35 y: 131
Expected: 4095 Got: 4080 x:  32 y: 132
Expected: 4095 Got:   15 x:  33 y: 132
Expected: 4095 Got:   15 x:  34 y: 132
Expected: 4095 Got:   15 x:  35 y: 132
Expected: 4095 Got: 4080 x:  32 y: 133
Expected: 4095 Got:   15 x:  33 y: 133
Expected: 4095 Got:   15 x:  34 y: 133
Expected: 4095 Got:   15 x:  35 y: 133
Expected: 4095 Got: 4080 x:  32 y: 134
Expected: 4095 Got:   15 x:  33 y: 134
Expected: 4095 Got:   15 x:  34 y: 134
Expected: 4095 Got:   15 x:  35 y: 134
Expected: 4095 Got: 4080 x:  32 y: 135
Expected: 4095 Got:   15 x:  33 y: 135
Expected: 4095 Got:   15 x:  34 y: 135
Expected: 4095 Got:   15 x:  35 y: 135
Expected: 4095 Got: 4080 x:  32 y: 136
Expected: 4095 Got:   15 x:  33 y: 136
Expected: 4095 Got:   15 x:  34 y: 136
Expected: 4095 Got:   15 x:  35 y: 136
Expected: 4095 Got: 4080 x:  32 y: 137
Expected: 4095 Got:   15 x:  33 y: 137
Expected: 4095 Got:   15 x:  34 y: 137
Expected: 4095 Got:   15 x:  35 y: 137
Expected: 4095 Got: 4080 x:  32 y: 138
Expected: 4095 Got:   15 x:  33 y: 138
Expected: 4095 Got:   15 x:  34 y: 138
Expected: 4095 Got:   15 x:  35 y: 138
Expected: 4095 Got: 4080 x:  32 y: 139
Expected: 4095 Got:   15 x:  33 y: 139
Expected: 4095 Got:   15 x:  34 y: 139
Expected: 4095 Got:   15 x:  35 y: 139
Expected: 4095 Got: 4080 x:  32 y: 140
Expected: 4095 Got:   15 x:  33 y: 140
Expected: 4095 Got:   15 x:  34 y: 140
Expected: 4095 Got:   15 x:  35 y: 140
Expected: 4095 Got: 4080 x:  32 y: 141
Expected: 4095 Got:   15 x:  33 y: 141
Expected: 4095 Got:   15 x:  34 y: 141
Expected: 4095 Got:   15 x:  35 y: 141
Expected: 4095 Got: 4080 x:  32 y: 142
Expected: 4095 Got:   15 x:  33 y: 142
Expected: 4095 Got:   15 x:  34 y: 142
Expected: 4095 Got:   15 x:  35 y: 142
Expected: 4095 Got: 4080 x:  32 y: 143
Expected: 4095 Got:   15 x:  33 y: 143
Expected: 4095 Got:   15 x:  34 y: 143
Expected: 4095 Got:   15 x:  35 y: 143
Expected: 4095 Got: 4080 x:  32 y: 144
Expected: 4095 Got:   15 x:  33 y: 144
Expected: 4095 Got:   15 x:  34 y: 144
Expected: 4095 Got:   15 x:  35 y: 144
Expected: 4095 Got: 4080 x:  32 y: 145
Expected: 4095 Got:   15 x:  33 y: 145
Expected: 4095 Got:   15 x:  34 y: 145
Expected: 4095 Got:   15 x:  35 y: 145
Expected: 4095 Got: 4080 x:  32 y: 146
Expected: 4095 Got:   15 x:  33 y: 146
Expected: 4095 Got:   15 x:  34 y: 146
Expected: 4095 Got:   15 x:  35 y: 146
Expected: 4095 Got: 4080 x:  32 y: 147
Expected: 4095 Got:   15 x:  33 y: 147
Expected: 4095 Got:   15 x:  34 y: 147
Expected: 4095 Got:   15 x:  35 y: 147
Expected: 4095 Got: 4080 x:  32 y: 148
Expected: 4095 Got:   15 x:  33 y: 148
Expected: 4095 Got:   15 x:  34 y: 148
Expected: 4095 Got:   15 x:  35 y: 148
Expected: 4095 Got: 4080 x:  32 y: 149
Expected: 4095 Got:   15 x:  33 y: 149
Expected: 4095 Got:   15 x:  34 y: 149
Expected: 4095 Got:   15 x:  35 y: 149
Expected: 4095 Got: 4080 x:  32 y: 150
Expected: 4095 Got:   15 x:  33 y: 150
Expected: 4095 Got:   15 x:  34 y: 150
Expected: 4095 Got:   15 x:  35 y: 150
Expected: 4095 Got: 4080 x:  32 y: 151
Expected: 4095 Got:   15 x:  33 y: 151
Expected: 4095 Got:   15 x:  34 y: 151
Expected: 4095 Got:   15 x:  35 y: 151
Expected: 4095 Got: 4080 x:  32 y: 152
Expected: 4095 Got:   15 x:  33 y: 152
Expected: 4095 Got:   15 x:  34 y: 152
Expected: 4095 Got:   15 x:  35 y: 152
Expected: 4095 Got: 4080 x:  32 y: 153
Expected: 4095 Got:   15 x:  33 y: 153
Expected: 4095 Got:   15 x:  34 y: 153
Expected: 4095 Got:   15 x:  35 y: 153
Expected: 4095 Got: 4080 x:  32 y: 154
Expected: 4095 Got:   15 x:  33 y: 154
Expected: 4095 Got:   15 x:  34 y: 154
Expected: 4095 Got:   15 x:  35 y: 154
Expected: 4095 Got: 4080 x:  32 y: 155
Expected: 4095 Got:   15 x:  33 y: 155
Expected: 4095 Got:   15 x:  34 y: 155
Expected: 4095 Got:   15 x:  35 y: 155
Expected: 4095 Got: 4080 x:  32 y: 156
Expected: 4095 Got:   15 x:  33 y: 156
Expected: 4095 Got:   15 x:  34 y: 156
Expected: 4095 Got:   15 x:  35 y: 156
Expected: 4095 Got: 4080 x:  32 y: 157
Expected: 4095 Got:   15 x:  33 y: 157
Expected: 4095 Got:   15 x:  34 y: 157
Expected: 4095 Got:   15 x:  35 y: 157
Expected: 4095 Got: 4080 x:  32 y: 158
Expected: 4095 Got:   15 x:  33 y: 158
Expected: 4095 Got:   15 x:  34 y: 158
Expected: 4095 Got:   15 x:  35 y: 158
Expected: 4095 Got: 4080 x:  32 y: 159
Expected: 4095 Got:   15 x:  33 y: 159
Expected: 4095 Got:   15 x:  34 y: 159
Expected: 4095 Got:   15 x:  35 y: 159
Expected: 4095 Got: 4080 x:  32 y: 160
Expected: 4095 Got:   15 x:  33 y: 160
Expected: 4095 Got:   15 x:  34 y: 160
Expected: 4095 Got:   15 x:  35 y: 160
Expected: 4095 Got: 4080 x:  32 y: 161
Expected: 4095 Got:   15 x:  33 y: 161
Expected: 4095 Got:   15 x:  34 y: 161
Expected: 4095 Got:   15 x:  35 y: 161
Expected: 4095 Got: 4080 x:  32 y: 162
Expected: 4095 Got:   15 x:  33 y: 162
Expected: 4095 Got:   15 x:  34 y: 162
Expected: 4095 Got:   15 x:  35 y: 162
Expected: 4095 Got: 4080 x:  32 y: 163
Expected: 4095 Got:   15 x:  33 y: 163
Expected: 4095 Got:   15 x:  34 y: 163
Expected: 4095 Got:   15 x:  35 y: 163
Expected: 4095 Got: 4080 x:  32 y: 164
Expected: 4095 Got:   15 x:  33 y: 164
Expected: 4095 Got:   15 x:  34 y: 164
Expected: 4095 Got:   15 x:  35 y: 164
Expected: 4095 Got: 4080 x:  32 y: 165
Expected: 4095 Got:   15 x:  33 y: 165
Expected: 4095 Got:   15 x:  34 y: 165
Expected: 4095 Got:   15 x:  35 y: 165
Expected: 4095 Got: 4080 x:  32 y: 166
Expected: 4095 Got:   15 x:  33 y: 166
Expected: 4095 Got:   15 x:  34 y: 166
Expected: 4095 Got:   15 x:  35 y: 166
Expected: 4095 Got: 4080 x:  32 y: 167
Expected: 4095 Got:   15 x:  33 y: 167
Expected: 4095 Got:   15 x:  34 y: 167
Expected: 4095 Got:   15 x:  35 y: 167
Expected: 4095 Got: 4080 x:  32 y: 168
Expected: 4095 Got:   15 x:  33 y: 168
Expected: 4095 Got:   15 x:  34 y: 168
Expected: 4095 Got:   15 x:  35 y: 168
Expected: 4095 Got: 4080 x:  32 y: 169
Expected: 4095 Got:   15 x:  33 y: 169
Expected: 4095 Got:   15 x:  34 y: 169
Expected: 4095 Got:   15 x:  35 y: 169
Expected: 4095 Got: 4080 x:  32 y: 170
Expected: 4095 Got:   15 x:  33 y: 170
Expected: 4095 Got:   15 x:  34 y: 170
Expected: 4095 Got:   15 x:  35 y: 170
Expected: 4095 Got: 4080 x:  32 y: 171
Expected: 4095 Got:   15 x:  33 y: 171
Expected: 4095 Got:   15 x:  34 y: 171
Expected: 4095 Got:   15 x:  35 y: 171
Expected: 4095 Got: 4080 x:  32 y: 172
Expected: 4095 Got:   15 x:  33 y: 172
Expected: 4095 Got:   15 x:  34 y: 172
Expected: 4095 Got:   15 x:  35 y: 172
Expected: 4095 Got: 4080 x:  32 y: 173
Expected: 4095 Got:   15 x:  33 y: 173
Expected: 4095 Got:   15 x:  34 y: 173
Expected: 4095 Got:   15 x:  35 y: 173
Expected: 4095 Got: 4080 x:  32 y: 174
Expected: 4095 Got:   15 x:  33 y: 174
Expected: 4095 Got:   15 x:  34 y: 174
Expected: 4095 Got:   15 x:  35 y: 174
Expected: 4095 Got: 4080 x:  32 y: 175
Expected: 4095 Got:   15 x:  33 y: 175
Expected: 4095 Got:   15 x:  34 y: 175
Expected: 4095 Got:   15 x:  35 y: 175
Expected: 4095 Got: 4080 x:  32 y: 176
Expected: 4095 Got:   15 x:  33 y: 176
Expected: 4095 Got:   15 x:  34 y: 176
Expected: 4095 Got:   15 x:  35 y: 176
Expected: 4095 Got: 4080 x:  32 y: 177
Expected: 4095 Got:   15 x:  33 y: 177
Expected: 4095 Got:   15 x:  34 y: 177
Expected: 4095 Got:   15 x:  35 y: 177
Expected: 4095 Got: 4080 x:  32 y: 178
Expected: 4095 Got:   15 x:  33 y: 178
Expected: 4095 Got:   15 x:  34 y: 178
Expected: 4095 Got:   15 x:  35 y: 178
Expected: 4095 Got: 4080 x:  32 y: 179
Expected: 4095 Got:   15 x:  33 y: 179
Expected: 4095 Got:   15 x:  34 y: 179
Expected: 4095 Got:   15 x:  35 y: 179
Expected: 4095 Got: 4080 x:  32 y: 180
Expected: 4095 Got:   15 x:  33 y: 180
Expected: 4095 Got:   15 x:  34 y: 180
Expected: 4095 Got:   15 x:  35 y: 180
Expected: 4095 Got: 4080 x:  32 y: 181
Expected: 4095 Got:   15 x:  33 y: 181
Expected: 4095 Got:   15 x:  34 y: 181
Expected: 4095 Got:   15 x:  35 y: 181
Expected: 4095 Got: 4080 x:  32 y: 182
Expected: 4095 Got:   15 x:  33 y: 182
Expected: 4095 Got:   15 x:  34 y: 182
Expected: 4095 Got:   15 x:  35 y: 182
Expected: 4095 Got: 4080 x:  32 y: 183
Expected: 4095 Got:   15 x:  33 y: 183
Expected: 4095 Got:   15 x:  34 y: 183
Expected: 4095 Got:   15 x:  35 y: 183
Expected: 4095 Got: 4080 x:  32 y: 184
Expected: 4095 Got:   15 x:  33 y: 184
Expected: 4095 Got:   15 x:  34 y: 184
Expected: 4095 Got:   15 x:  35 y: 184
Expected: 4095 Got: 4080 x:  32 y: 185
Expected: 4095 Got:   15 x:  33 y: 185
Expected: 4095 Got:   15 x:  34 y: 185
Expected: 4095 Got:   15 x:  35 y: 185
Expected: 4095 Got: 4080 x:  32 y: 186
Expected: 4095 Got:   15 x:  33 y: 186
Expected: 4095 Got:   15 x:  34 y: 186
Expected: 4095 Got:   15 x:  35 y: 186
Expected: 4095 Got: 4080 x:  32 y: 187
Expected: 4095 Got:   15 x:  33 y: 187
Expected: 4095 Got:   15 x:  34 y: 187
Expected: 4095 Got:   15 x:  35 y: 187
Expected: 4095 Got: 4080 x:  32 y: 188
Expected: 4095 Got:   15 x:  33 y: 188
Expected: 4095 Got:   15 x:  34 y: 188
Expected: 4095 Got:   15 x:  35 y: 188
Expected: 4095 Got: 4080 x:  32 y: 189
Expected: 4095 Got:   15 x:  33 y: 189
Expected: 4095 Got:   15 x:  34 y: 189
Expected: 4095 Got:   15 x:  35 y: 189
Expected: 4095 Got: 4080 x:  32 y: 190
Expected: 4095 Got:   15 x:  33 y: 190
Expected: 4095 Got:   15 x:  34 y: 190
Expected: 4095 Got:   15 x:  35 y: 190
Expected: 4095 Got: 4080 x:  32 y: 191
Expected: 4095 Got:   15 x:  33 y: 191
Expected: 4095 Got:   15 x:  34 y: 191
Expected: 4095 Got:   15 x:  35 y: 191
Expected: 4095 Got: 4080 x:  32 y: 192
Expected: 4095 Got:   15 x:  33 y: 192
Expected: 4095 Got:   15 x:  34 y: 192
Expected: 4095 Got:   15 x:  35 y: 192
Expected: 4095 Got: 4080 x:  32 y: 193
Expected: 4095 Got:   15 x:  33 y: 193
Expected: 4095 Got:   15 x:  34 y: 193
Expected: 4095 Got:   15 x:  35 y: 193
Expected: 4095 Got: 4080 x:  32 y: 194
Expected: 4095 Got:   15 x:  33 y: 194
Expected: 4095 Got:   15 x:  34 y: 194
Expected: 4095 Got:   15 x:  35 y: 194
Expected: 4095 Got: 4080 x:  32 y: 195
Expected: 4095 Got:   15 x:  33 y: 195
Expected: 4095 Got:   15 x:  34 y: 195
Expected: 4095 Got:   15 x:  35 y: 195
Expected: 4095 Got: 4080 x:  32 y: 196
Expected: 4095 Got:   15 x:  33 y: 196
Expected: 4095 Got:   15 x:  34 y: 196
Expected: 4095 Got:   15 x:  35 y: 196
Expected: 4095 Got: 4080 x:  32 y: 197
Expected: 4095 Got:   15 x:  33 y: 197
Expected: 4095 Got:   15 x:  34 y: 197
Expected: 4095 Got:   15 x:  35 y: 197
Expected: 4095 Got: 4080 x:  32 y: 198
Expected: 4095 Got:   15 x:  33 y: 198
Expected: 4095 Got:   15 x:  34 y: 198
Expected: 4095 Got:   15 x:  35 y: 198
Expected: 4095 Got: 4080 x:  32 y: 199
Expected: 4095 Got:   15 x:  33 y: 199
Expected: 4095 Got:   15 x:  34 y: 199
Expected: 4095 Got:   15 x:  35 y: 199
Expected: 4095 Got: 4080 x:  32 y: 200
Expected: 4095 Got:   15 x:  33 y: 200
Expected: 4095 Got:   15 x:  34 y: 200
Expected: 4095 Got:   15 x:  35 y: 200
Expected: 4095 Got: 4080 x:  32 y: 201
Expected: 4095 Got:   15 x:  33 y: 201
Expected: 4095 Got:   15 x:  34 y: 201
Expected: 4095 Got:   15 x:  35 y: 201
Expected: 4095 Got: 4080 x:  32 y: 202
Expected: 4095 Got:   15 x:  33 y: 202
Expected: 4095 Got:   15 x:  34 y: 202
Expected: 4095 Got:   15 x:  35 y: 202
Expected: 4095 Got: 4080 x:  32 y: 203
Expected: 4095 Got:   15 x:  33 y: 203
Expected: 4095 Got:   15 x:  34 y: 203
Expected: 4095 Got:   15 x:  35 y: 203
Expected: 4095 Got: 4080 x:  32 y: 204
Expected: 4095 Got:   15 x:  33 y: 204
Expected: 4095 Got:   15 x:  34 y: 204
Expected: 4095 Got:   15 x:  35 y: 204
Expected: 4095 Got: 4080 x: 600 y: 204
Expected: 4095 Got: 4080 x: 601 y: 204
Expected: 4095 Got: 4080 x: 602 y: 204
Expected: 4095 Got: 4080 x: 603 y: 204
Expected: 4095 Got: 4080 x:  32 y: 205
Expected: 4095 Got:   15 x:  33 y: 205
Expected: 4095 Got:   15 x:  34 y: 205
Expected: 4095 Got:   15 x:  35 y: 205
Expected: 4095 Got: 4080 x: 600 y: 205
Expected: 4095 Got: 4080 x: 601 y: 205
Expected: 4095 Got: 4080 x: 602 y: 205
Expected: 4095 Got: 4080 x: 603 y: 205
Expected: 4095 Got: 4080 x:  32 y: 206
Expected: 4095 Got:   15 x:  33 y: 206
Expected: 4095 Got:   15 x:  34 y: 206
Expected: 4095 Got:   15 x:  35 y: 206
Expected: 4095 Got: 4080 x: 600 y: 206
Expected: 4095 Got: 4080 x: 601 y: 206
Expected: 4095 Got: 4080 x: 602 y: 206
Expected: 4095 Got: 4080 x: 603 y: 206
Expected: 4095 Got: 4080 x:  32 y: 207
Expected: 4095 Got:   15 x:  33 y: 207
Expected: 4095 Got:   15 x:  34 y: 207
Expected: 4095 Got:   15 x:  35 y: 207
Expected: 4095 Got: 4080 x: 600 y: 207
Expected: 4095 Got: 4080 x: 601 y: 207
Expected: 4095 Got: 4080 x: 602 y: 207
Expected: 4095 Got: 4080 x: 603 y: 207
Expected: 4095 Got: 4080 x:  32 y: 208
Expected: 4095 Got:   15 x:  33 y: 208
Expected: 4095 Got:   15 x:  34 y: 208
Expected: 4095 Got:   15 x:  35 y: 208
Expected: 4095 Got: 4080 x: 600 y: 208
Expected: 4095 Got: 4080 x: 601 y: 208
Expected: 4095 Got: 4080 x: 602 y: 208
Expected: 4095 Got: 4080 x: 603 y: 208
Expected: 4095 Got: 4080 x:  32 y: 209
Expected: 4095 Got:   15 x:  33 y: 209
Expected: 4095 Got:   15 x:  34 y: 209
Expected: 4095 Got:   15 x:  35 y: 209
Expected: 4095 Got: 4080 x: 600 y: 209
Expected: 4095 Got: 4080 x: 601 y: 209
Expected: 4095 Got: 4080 x: 602 y: 209
Expected: 4095 Got: 4080 x: 603 y: 209
Expected: 4095 Got: 4080 x:  32 y: 210
Expected: 4095 Got:   15 x:  33 y: 210
Expected: 4095 Got:   15 x:  34 y: 210
Expected: 4095 Got:   15 x:  35 y: 210
Expected: 4095 Got: 4080 x: 600 y: 210
Expected: 4095 Got: 4080 x: 601 y: 210
Expected: 4095 Got: 4080 x: 602 y: 210
Expected: 4095 Got: 4080 x: 603 y: 210
Expected: 4095 Got: 4080 x:  32 y: 211
Expected: 4095 Got:   15 x:  33 y: 211
Expected: 4095 Got:   15 x:  34 y: 211
Expected: 4095 Got:   15 x:  35 y: 211
Expected: 4095 Got: 4080 x: 600 y: 211
Expected: 4095 Got: 4080 x: 601 y: 211
Expected: 4095 Got: 4080 x: 602 y: 211
Expected: 4095 Got: 4080 x: 603 y: 211
Expected: 4095 Got: 4080 x:  32 y: 212
Expected: 4095 Got:   15 x:  33 y: 212
Expected: 4095 Got:   15 x:  34 y: 212
Expected: 4095 Got:   15 x:  35 y: 212
Expected: 4095 Got: 4080 x: 600 y: 212
Expected: 4095 Got: 4080 x: 601 y: 212
Expected: 4095 Got: 4080 x: 602 y: 212
Expected: 4095 Got: 4080 x: 603 y: 212
Expected: 4095 Got: 4080 x:  32 y: 213
Expected: 4095 Got:   15 x:  33 y: 213
Expected: 4095 Got:   15 x:  34 y: 213
Expected: 4095 Got:   15 x:  35 y: 213
Expected: 4095 Got: 4080 x: 600 y: 213
Expected: 4095 Got: 4080 x: 601 y: 213
Expected: 4095 Got: 4080 x: 602 y: 213
Expected: 4095 Got: 4080 x: 603 y: 213
Expected: 4095 Got: 4080 x:  32 y: 214
Expected: 4095 Got:   15 x:  33 y: 214
Expected: 4095 Got:   15 x:  34 y: 214
Expected: 4095 Got:   15 x:  35 y: 214
Expected: 4095 Got: 4080 x: 600 y: 214
Expected: 4095 Got: 4080 x: 601 y: 214
Expected: 4095 Got: 4080 x: 602 y: 214
Expected: 4095 Got: 4080 x: 603 y: 214
Expected: 4095 Got: 4080 x:  32 y: 215
Expected: 4095 Got:   15 x:  33 y: 215
Expected: 4095 Got:   15 x:  34 y: 215
Expected: 4095 Got:   15 x:  35 y: 215
Expected: 4095 Got: 4080 x: 600 y: 215
Expected: 4095 Got: 4080 x: 601 y: 215
Expected: 4095 Got: 4080 x: 602 y: 215
Expected: 4095 Got: 4080 x: 603 y: 215
Expected: 4095 Got: 4080 x:  32 y: 216
Expected: 4095 Got:   15 x:  33 y: 216
Expected: 4095 Got:   15 x:  34 y: 216
Expected: 4095 Got:   15 x:  35 y: 216
Expected: 4095 Got: 4080 x: 600 y: 216
Expected: 4095 Got: 4080 x: 601 y: 216
Expected: 4095 Got: 4080 x: 602 y: 216
Expected: 4095 Got: 4080 x: 603 y: 216
Expected: 4095 Got: 4080 x:  32 y: 217
Expected: 4095 Got:   15 x:  33 y: 217
Expected: 4095 Got:   15 x:  34 y: 217
Expected: 4095 Got:   15 x:  35 y: 217
Expected: 4095 Got: 4080 x: 600 y: 217
Expected: 4095 Got: 4080 x: 601 y: 217
Expected: 4095 Got: 4080 x: 602 y: 217
Expected: 4095 Got: 4080 x: 603 y: 217
Expected: 4095 Got: 4080 x:  32 y: 218
Expected: 4095 Got:   15 x:  33 y: 218
Expected: 4095 Got:   15 x:  34 y: 218
Expected: 4095 Got:   15 x:  35 y: 218
Expected: 4095 Got: 4080 x: 600 y: 218
Expected: 4095 Got: 4080 x: 601 y: 218
Expected: 4095 Got: 4080 x: 602 y: 218
Expected: 4095 Got: 4080 x: 603 y: 218
Expected: 4095 Got: 4080 x:  32 y: 219
Expected: 4095 Got:   15 x:  33 y: 219
Expected: 4095 Got:   15 x:  34 y: 219
Expected: 4095 Got:   15 x:  35 y: 219
Expected: 4095 Got: 4080 x: 600 y: 219
Expected: 4095 Got: 4080 x: 601 y: 219
Expected: 4095 Got: 4080 x: 602 y: 219
Expected: 4095 Got: 4080 x: 603 y: 219
Expected: 4095 Got: 4080 x:  32 y: 220
Expected: 4095 Got:   15 x:  33 y: 220
Expected: 4095 Got:   15 x:  34 y: 220
Expected: 4095 Got:   15 x:  35 y: 220
Expected: 4095 Got: 4080 x: 600 y: 220
Expected: 4095 Got: 4080 x: 601 y: 220
Expected: 4095 Got: 4080 x: 602 y: 220
Expected: 4095 Got: 4080 x: 603 y: 220
Expected: 4095 Got: 4080 x:  32 y: 221
Expected: 4095 Got:   15 x:  33 y: 221
Expected: 4095 Got:   15 x:  34 y: 221
Expected: 4095 Got:   15 x:  35 y: 221
Expected: 4095 Got: 4080 x: 600 y: 221
Expected: 4095 Got: 4080 x: 601 y: 221
Expected: 4095 Got: 4080 x: 602 y: 221
Expected: 4095 Got: 4080 x: 603 y: 221
Expected: 4095 Got: 4080 x:  32 y: 222
Expected: 4095 Got:   15 x:  33 y: 222
Expected: 4095 Got:   15 x:  34 y: 222
Expected: 4095 Got:   15 x:  35 y: 222
Expected: 4095 Got: 4080 x: 600 y: 222
Expected: 4095 Got: 4080 x: 601 y: 222
Expected: 4095 Got: 4080 x: 602 y: 222
Expected: 4095 Got: 4080 x: 603 y: 222
Expected: 4095 Got: 4080 x:  32 y: 223
Expected: 4095 Got:   15 x:  33 y: 223
Expected: 4095 Got:   15 x:  34 y: 223
Expected: 4095 Got:   15 x:  35 y: 223
Expected: 4095 Got: 4080 x: 600 y: 223
Expected: 4095 Got: 4080 x: 601 y: 223
Expected: 4095 Got: 4080 x: 602 y: 223
Expected: 4095 Got: 4080 x: 603 y: 223
Expected: 4095 Got: 4080 x:  32 y: 224
Expected: 4095 Got:   15 x:  33 y: 224
Expected: 4095 Got:   15 x:  34 y: 224
Expected: 4095 Got:   15 x:  35 y: 224
Expected: 4095 Got: 4080 x: 600 y: 224
Expected: 4095 Got: 4080 x: 601 y: 224
Expected: 4095 Got: 4080 x: 602 y: 224
Expected: 4095 Got: 4080 x: 603 y: 224
Expected: 4095 Got: 4080 x:  32 y: 225
Expected: 4095 Got:   15 x:  33 y: 225
Expected: 4095 Got:   15 x:  34 y: 225
Expected: 4095 Got:   15 x:  35 y: 225
Expected: 4095 Got: 4080 x: 600 y: 225
Expected: 4095 Got: 4080 x: 601 y: 225
Expected: 4095 Got: 4080 x: 602 y: 225
Expected: 4095 Got: 4080 x: 603 y: 225
Expected: 4095 Got: 4080 x:  32 y: 226
Expected: 4095 Got:   15 x:  33 y: 226
Expected: 4095 Got:   15 x:  34 y: 226
Expected: 4095 Got:   15 x:  35 y: 226
Expected: 4095 Got: 4080 x: 600 y: 226
Expected: 4095 Got: 4080 x: 601 y: 226
Expected: 4095 Got: 4080 x: 602 y: 226
Expected: 4095 Got: 4080 x: 603 y: 226
Expected: 4095 Got: 4080 x:  32 y: 227
Expected: 4095 Got:   15 x:  33 y: 227
Expected: 4095 Got:   15 x:  34 y: 227
Expected: 4095 Got:   15 x:  35 y: 227
Expected: 4095 Got: 4080 x: 600 y: 227
Expected: 4095 Got: 4080 x: 601 y: 227
Expected: 4095 Got: 4080 x: 602 y: 227
Expected: 4095 Got: 4080 x: 603 y: 227
Expected: 4095 Got: 4080 x:  32 y: 228
Expected: 4095 Got:   15 x:  33 y: 228
Expected: 4095 Got:   15 x:  34 y: 228
Expected: 4095 Got:   15 x:  35 y: 228
Expected: 4095 Got: 4080 x: 600 y: 228
Expected: 4095 Got: 4080 x: 601 y: 228
Expected: 4095 Got: 4080 x: 602 y: 228
Expected: 4095 Got: 4080 x: 603 y: 228
Expected: 4095 Got: 4080 x:  32 y: 229
Expected: 4095 Got:   15 x:  33 y: 229
Expected: 4095 Got:   15 x:  34 y: 229
Expected: 4095 Got:   15 x:  35 y: 229
Expected: 4095 Got: 4080 x: 600 y: 229
Expected: 4095 Got: 4080 x: 601 y: 229
Expected: 4095 Got: 4080 x: 602 y: 229
Expected: 4095 Got: 4080 x: 603 y: 229
Expected: 4095 Got: 4080 x:  32 y: 230
Expected: 4095 Got:   15 x:  33 y: 230
Expected: 4095 Got:   15 x:  34 y: 230
Expected: 4095 Got:   15 x:  35 y: 230
Expected: 4095 Got: 4080 x: 600 y: 230
Expected: 4095 Got: 4080 x: 601 y: 230
Expected: 4095 Got: 4080 x: 602 y: 230
Expected: 4095 Got: 4080 x: 603 y: 230
Expected: 4095 Got: 4080 x:  32 y: 231
Expected: 4095 Got:   15 x:  33 y: 231
Expected: 4095 Got:   15 x:  34 y: 231
Expected: 4095 Got:   15 x:  35 y: 231
Expected: 4095 Got: 4080 x: 600 y: 231
Expected: 4095 Got: 4080 x: 601 y: 231
Expected: 4095 Got: 4080 x: 602 y: 231
Expected: 4095 Got: 4080 x: 603 y: 231
Expected: 4095 Got: 4080 x:  32 y: 232
Expected: 4095 Got:   15 x:  33 y: 232
Expected: 4095 Got:   15 x:  34 y: 232
Expected: 4095 Got:   15 x:  35 y: 232
Expected: 4095 Got: 4080 x: 600 y: 232
Expected: 4095 Got: 4080 x: 601 y: 232
Expected: 4095 Got: 4080 x: 602 y: 232
Expected: 4095 Got: 4080 x: 603 y: 232
Expected: 4095 Got: 4080 x:  32 y: 233
Expected: 4095 Got:   15 x:  33 y: 233
Expected: 4095 Got:   15 x:  34 y: 233
Expected: 4095 Got:   15 x:  35 y: 233
Expected: 4095 Got: 4080 x: 600 y: 233
Expected: 4095 Got: 4080 x: 601 y: 233
Expected: 4095 Got: 4080 x: 602 y: 233
Expected: 4095 Got: 4080 x: 603 y: 233
Expected: 4095 Got: 4080 x:  32 y: 234
Expected: 4095 Got:   15 x:  33 y: 234
Expected: 4095 Got:   15 x:  34 y: 234
Expected: 4095 Got:   15 x:  35 y: 234
Expected: 4095 Got: 4080 x: 600 y: 234
Expected: 4095 Got: 4080 x: 601 y: 234
Expected: 4095 Got: 4080 x: 602 y: 234
Expected: 4095 Got: 4080 x: 603 y: 234
Expected: 4095 Got: 4080 x:  32 y: 235
Expected: 4095 Got:   15 x:  33 y: 235
Expected: 4095 Got:   15 x:  34 y: 235
Expected: 4095 Got:   15 x:  35 y: 235
Expected: 4095 Got: 4080 x: 600 y: 235
Expected: 4095 Got: 4080 x: 601 y: 235
Expected: 4095 Got: 4080 x: 602 y: 235
Expected: 4095 Got: 4080 x: 603 y: 235
Expected: 4095 Got: 4080 x:  32 y: 236
Expected: 4095 Got:   15 x:  33 y: 236
Expected: 4095 Got:   15 x:  34 y: 236
Expected: 4095 Got:   15 x:  35 y: 236
Expected: 4095 Got: 4080 x: 600 y: 236
Expected: 4095 Got: 4080 x: 601 y: 236
Expected: 4095 Got: 4080 x: 602 y: 236
Expected: 4095 Got: 4080 x: 603 y: 236
Expected: 4095 Got: 4080 x:  32 y: 237
Expected: 4095 Got:   15 x:  33 y: 237
Expected: 4095 Got:   15 x:  34 y: 237
Expected: 4095 Got:   15 x:  35 y: 237
Expected: 4095 Got: 4080 x: 600 y: 237
Expected: 4095 Got: 4080 x: 601 y: 237
Expected: 4095 Got: 4080 x: 602 y: 237
Expected: 4095 Got: 4080 x: 603 y: 237
Expected: 4095 Got: 4080 x:  32 y: 238
Expected: 4095 Got:   15 x:  33 y: 238
Expected: 4095 Got:   15 x:  34 y: 238
Expected: 4095 Got:   15 x:  35 y: 238
Expected: 4095 Got: 4080 x: 580 y: 238
Expected: 4095 Got: 4080 x: 581 y: 238
Expected: 4095 Got: 4080 x: 582 y: 238
Expected: 4095 Got: 4080 x: 583 y: 238
Expected: 4095 Got: 4080 x: 584 y: 238
Expected: 4095 Got: 4080 x: 585 y: 238
Expected: 4095 Got: 4080 x: 586 y: 238
Expected: 4095 Got: 4080 x: 587 y: 238
Expected: 4095 Got: 4080 x: 588 y: 238
Expected: 4095 Got: 4080 x: 600 y: 238
Expected: 4095 Got: 4080 x: 601 y: 238
Expected: 4095 Got: 4080 x: 602 y: 238
Expected: 4095 Got: 4080 x: 603 y: 238
Expected: 4095 Got: 4080 x:  32 y: 239
Expected: 4095 Got:   15 x:  33 y: 239
Expected: 4095 Got:   15 x:  34 y: 239
Expected: 4095 Got:   15 x:  35 y: 239
Expected: 4095 Got: 4080 x: 580 y: 239
Expected: 4095 Got: 4080 x: 581 y: 239
Expected: 4095 Got: 4080 x: 582 y: 239
Expected: 4095 Got: 4080 x: 583 y: 239
Expected: 4095 Got: 4080 x: 584 y: 239
Expected: 4095 Got: 4080 x: 585 y: 239
Expected: 4095 Got: 4080 x: 586 y: 239
Expected: 4095 Got: 4080 x: 587 y: 239
Expected: 4095 Got: 4080 x: 588 y: 239
Expected: 4095 Got: 4080 x: 600 y: 239
Expected: 4095 Got: 4080 x: 601 y: 239
Expected: 4095 Got: 4080 x: 602 y: 239
Expected: 4095 Got: 4080 x: 603 y: 239
Expected: 4095 Got: 4080 x:  32 y: 240
Expected: 4095 Got:   15 x:  33 y: 240
Expected: 4095 Got:   15 x:  34 y: 240
Expected: 4095 Got:   15 x:  35 y: 240
Expected: 4095 Got: 4080 x: 580 y: 240
Expected: 4095 Got: 4080 x: 581 y: 240
Expected: 4095 Got: 4080 x: 582 y: 240
Expected: 4095 Got: 4080 x: 583 y: 240
Expected: 4095 Got: 4080 x: 584 y: 240
Expected: 4095 Got: 4080 x: 585 y: 240
Expected: 4095 Got: 4080 x: 586 y: 240
Expected: 4095 Got: 4080 x: 587 y: 240
Expected: 4095 Got: 4080 x: 588 y: 240
Expected: 4095 Got: 4080 x: 600 y: 240
Expected: 4095 Got: 4080 x: 601 y: 240
Expected: 4095 Got: 4080 x: 602 y: 240
Expected: 4095 Got: 4080 x: 603 y: 240
Expected: 4095 Got: 4080 x:  32 y: 241
Expected: 4095 Got:   15 x:  33 y: 241
Expected: 4095 Got:   15 x:  34 y: 241
Expected: 4095 Got:   15 x:  35 y: 241
Expected: 4095 Got: 4080 x: 580 y: 241
Expected: 4095 Got: 4080 x: 581 y: 241
Expected: 4095 Got: 4080 x: 582 y: 241
Expected: 4095 Got: 4080 x: 583 y: 241
Expected: 4095 Got: 4080 x: 584 y: 241
Expected: 4095 Got: 4080 x: 585 y: 241
Expected: 4095 Got: 4080 x: 586 y: 241
Expected: 4095 Got: 4080 x: 587 y: 241
Expected: 4095 Got: 4080 x: 588 y: 241
Expected: 4095 Got: 4080 x: 600 y: 241
Expected: 4095 Got: 4080 x: 601 y: 241
Expected: 4095 Got: 4080 x: 602 y: 241
Expected: 4095 Got: 4080 x: 603 y: 241
Expected: 4095 Got: 4080 x:  32 y: 242
Expected: 4095 Got:   15 x:  33 y: 242
Expected: 4095 Got:   15 x:  34 y: 242
Expected: 4095 Got:   15 x:  35 y: 242
Expected: 4095 Got: 4080 x: 580 y: 242
Expected: 4095 Got: 4080 x: 581 y: 242
Expected: 4095 Got: 4080 x: 582 y: 242
Expected: 4095 Got: 4080 x: 583 y: 242
Expected: 4095 Got: 4080 x: 584 y: 242
Expected: 4095 Got: 4080 x: 585 y: 242
Expected: 4095 Got: 4080 x: 586 y: 242
Expected: 4095 Got: 4080 x: 587 y: 242
Expected: 4095 Got: 4080 x: 588 y: 242
Expected: 4095 Got: 4080 x: 600 y: 242
Expected: 4095 Got: 4080 x: 601 y: 242
Expected: 4095 Got: 4080 x: 602 y: 242
Expected: 4095 Got: 4080 x: 603 y: 242
Expected: 4095 Got: 4080 x:  32 y: 243
Expected: 4095 Got:   15 x:  33 y: 243
Expected: 4095 Got:   15 x:  34 y: 243
Expected: 4095 Got:   15 x:  35 y: 243
Expected: 4095 Got: 4080 x: 580 y: 243
Expected: 4095 Got: 4080 x: 581 y: 243
Expected: 4095 Got: 4080 x: 582 y: 243
Expected: 4095 Got: 4080 x: 583 y: 243
Expected: 4095 Got: 4080 x: 584 y: 243
Expected: 4095 Got: 4080 x: 585 y: 243
Expected: 4095 Got: 4080 x: 586 y: 243
Expected: 4095 Got: 4080 x: 587 y: 243
Expected: 4095 Got: 4080 x: 588 y: 243
Expected: 4095 Got: 4080 x: 600 y: 243
Expected: 4095 Got: 4080 x: 601 y: 243
Expected: 4095 Got: 4080 x: 602 y: 243
Expected: 4095 Got: 4080 x: 603 y: 243
Expected: 4095 Got: 4080 x:  32 y: 244
Expected: 4095 Got:   15 x:  33 y: 244
Expected: 4095 Got:   15 x:  34 y: 244
Expected: 4095 Got:   15 x:  35 y: 244
Expected: 4095 Got: 4080 x: 580 y: 244
Expected: 4095 Got: 4080 x: 581 y: 244
Expected: 4095 Got: 4080 x: 582 y: 244
Expected: 4095 Got: 4080 x: 583 y: 244
Expected: 4095 Got: 4080 x: 584 y: 244
Expected: 4095 Got: 4080 x: 585 y: 244
Expected: 4095 Got: 4080 x: 586 y: 244
Expected: 4095 Got: 4080 x: 587 y: 244
Expected: 4095 Got: 4080 x: 588 y: 244
Expected: 4095 Got: 4080 x: 600 y: 244
Expected: 4095 Got: 4080 x: 601 y: 244
Expected: 4095 Got: 4080 x: 602 y: 244
Expected: 4095 Got: 4080 x: 603 y: 244
Expected: 4095 Got: 4080 x:  32 y: 245
Expected: 4095 Got:   15 x:  33 y: 245
Expected: 4095 Got:   15 x:  34 y: 245
Expected: 4095 Got:   15 x:  35 y: 245
Expected: 4095 Got: 4080 x: 580 y: 245
Expected: 4095 Got: 4080 x: 581 y: 245
Expected: 4095 Got: 4080 x: 582 y: 245
Expected: 4095 Got: 4080 x: 583 y: 245
Expected: 4095 Got: 4080 x: 584 y: 245
Expected: 4095 Got: 4080 x: 585 y: 245
Expected: 4095 Got: 4080 x: 586 y: 245
Expected: 4095 Got: 4080 x: 587 y: 245
Expected: 4095 Got: 4080 x: 588 y: 245
Expected: 4095 Got: 4080 x: 600 y: 245
Expected: 4095 Got: 4080 x: 601 y: 245
Expected: 4095 Got: 4080 x: 602 y: 245
Expected: 4095 Got: 4080 x: 603 y: 245
Expected: 4095 Got: 4080 x:  32 y: 246
Expected: 4095 Got:   15 x:  33 y: 246
Expected: 4095 Got:   15 x:  34 y: 246
Expected: 4095 Got:   15 x:  35 y: 246
Expected: 4095 Got: 4080 x: 580 y: 246
Expected: 4095 Got: 4080 x: 581 y: 246
Expected: 4095 Got: 4080 x: 582 y: 246
Expected: 4095 Got: 4080 x: 583 y: 246
Expected: 4095 Got: 4080 x: 584 y: 246
Expected: 4095 Got: 4080 x: 585 y: 246
Expected: 4095 Got: 4080 x: 586 y: 246
Expected: 4095 Got: 4080 x: 587 y: 246
Expected: 4095 Got: 4080 x: 588 y: 246
Expected: 4095 Got: 4080 x: 600 y: 246
Expected: 4095 Got: 4080 x: 601 y: 246
Expected: 4095 Got: 4080 x: 602 y: 246
Expected: 4095 Got: 4080 x: 603 y: 246
Expected: 4095 Got: 4080 x:  32 y: 247
Expected: 4095 Got:   15 x:  33 y: 247
Expected: 4095 Got:   15 x:  34 y: 247
Expected: 4095 Got:   15 x:  35 y: 247
Expected: 4095 Got: 4080 x: 600 y: 247
Expected: 4095 Got: 4080 x: 601 y: 247
Expected: 4095 Got: 4080 x: 602 y: 247
Expected: 4095 Got: 4080 x: 603 y: 247
Expected: 4095 Got: 4080 x:  32 y: 248
Expected: 4095 Got:   15 x:  33 y: 248
Expected: 4095 Got:   15 x:  34 y: 248
Expected: 4095 Got:   15 x:  35 y: 248
Expected: 4095 Got: 4080 x: 600 y: 248
Expected: 4095 Got: 4080 x: 601 y: 248
Expected: 4095 Got: 4080 x: 602 y: 248
Expected: 4095 Got: 4080 x: 603 y: 248
Expected: 4095 Got: 4080 x:  32 y: 249
Expected: 4095 Got:   15 x:  33 y: 249
Expected: 4095 Got:   15 x:  34 y: 249
Expected: 4095 Got:   15 x:  35 y: 249
Expected: 4095 Got: 4080 x: 600 y: 249
Expected: 4095 Got: 4080 x: 601 y: 249
Expected: 4095 Got: 4080 x: 602 y: 249
Expected: 4095 Got: 4080 x: 603 y: 249
Expected: 4095 Got: 4080 x:  32 y: 250
Expected: 4095 Got:   15 x:  33 y: 250
Expected: 4095 Got:   15 x:  34 y: 250
Expected: 4095 Got:   15 x:  35 y: 250
Expected: 4095 Got: 4080 x: 600 y: 250
Expected: 4095 Got: 4080 x: 601 y: 250
Expected: 4095 Got: 4080 x: 602 y: 250
Expected: 4095 Got: 4080 x: 603 y: 250
Expected: 4095 Got: 4080 x:  32 y: 251
Expected: 4095 Got:   15 x:  33 y: 251
Expected: 4095 Got:   15 x:  34 y: 251
Expected: 4095 Got:   15 x:  35 y: 251
Expected: 4095 Got: 4080 x: 600 y: 251
Expected: 4095 Got: 4080 x: 601 y: 251
Expected: 4095 Got: 4080 x: 602 y: 251
Expected: 4095 Got: 4080 x: 603 y: 251
Expected: 4095 Got: 4080 x:  32 y: 252
Expected: 4095 Got:   15 x:  33 y: 252
Expected: 4095 Got:   15 x:  34 y: 252
Expected: 4095 Got:   15 x:  35 y: 252
Expected: 4095 Got: 4080 x: 600 y: 252
Expected: 4095 Got: 4080 x: 601 y: 252
Expected: 4095 Got: 4080 x: 602 y: 252
Expected: 4095 Got: 4080 x: 603 y: 252
Expected: 4095 Got: 4080 x:  32 y: 253
Expected: 4095 Got:   15 x:  33 y: 253
Expected: 4095 Got:   15 x:  34 y: 253
Expected: 4095 Got:   15 x:  35 y: 253
Expected: 4095 Got: 4080 x: 600 y: 253
Expected: 4095 Got: 4080 x: 601 y: 253
Expected: 4095 Got: 4080 x: 602 y: 253
Expected: 4095 Got: 4080 x: 603 y: 253
Expected: 4095 Got: 4080 x:  32 y: 254
Expected: 4095 Got:   15 x:  33 y: 254
Expected: 4095 Got:   15 x:  34 y: 254
Expected: 4095 Got:   15 x:  35 y: 254
Expected: 4095 Got: 4080 x: 600 y: 254
Expected: 4095 Got: 4080 x: 601 y: 254
Expected: 4095 Got: 4080 x: 602 y: 254
Expected: 4095 Got: 4080 x: 603 y: 254
Expected: 4095 Got: 4080 x:  32 y: 255
Expected: 4095 Got:   15 x:  33 y: 255
Expected: 4095 Got:   15 x:  34 y: 255
Expected: 4095 Got:   15 x:  35 y: 255
Expected: 4095 Got: 4080 x: 600 y: 255
Expected: 4095 Got: 4080 x: 601 y: 255
Expected: 4095 Got: 4080 x: 602 y: 255
Expected: 4095 Got: 4080 x: 603 y: 255
Expected: 4095 Got: 4080 x:  32 y: 256
Expected: 4095 Got:   15 x:  33 y: 256
Expected: 4095 Got:   15 x:  34 y: 256
Expected: 4095 Got:   15 x:  35 y: 256
Expected: 4095 Got: 4080 x: 600 y: 256
Expected: 4095 Got: 4080 x: 601 y: 256
Expected: 4095 Got: 4080 x: 602 y: 256
Expected: 4095 Got: 4080 x: 603 y: 256
Expected: 4095 Got: 4080 x:  32 y: 257
Expected: 4095 Got:   15 x:  33 y: 257
Expected: 4095 Got:   15 x:  34 y: 257
Expected: 4095 Got:   15 x:  35 y: 257
Expected: 4095 Got: 4080 x: 600 y: 257
Expected: 4095 Got: 4080 x: 601 y: 257
Expected: 4095 Got: 4080 x: 602 y: 257
Expected: 4095 Got: 4080 x: 603 y: 257
Expected: 4095 Got: 4080 x:  32 y: 258
Expected: 4095 Got:   15 x:  33 y: 258
Expected: 4095 Got:   15 x:  34 y: 258
Expected: 4095 Got:   15 x:  35 y: 258
Expected: 4095 Got: 4080 x: 600 y: 258
Expected: 4095 Got: 4080 x: 601 y: 258
Expected: 4095 Got: 4080 x: 602 y: 258
Expected: 4095 Got: 4080 x: 603 y: 258
Expected: 4095 Got: 4080 x:  32 y: 259
Expected: 4095 Got:   15 x:  33 y: 259
Expected: 4095 Got:   15 x:  34 y: 259
Expected: 4095 Got:   15 x:  35 y: 259
Expected: 4095 Got: 4080 x: 600 y: 259
Expected: 4095 Got: 4080 x: 601 y: 259
Expected: 4095 Got: 4080 x: 602 y: 259
Expected: 4095 Got: 4080 x: 603 y: 259
Expected: 4095 Got: 4080 x:  32 y: 260
Expected: 4095 Got:   15 x:  33 y: 260
Expected: 4095 Got:   15 x:  34 y: 260
Expected: 4095 Got:   15 x:  35 y: 260
Expected: 4095 Got: 4080 x: 600 y: 260
Expected: 4095 Got: 4080 x: 601 y: 260
Expected: 4095 Got: 4080 x: 602 y: 260
Expected: 4095 Got: 4080 x: 603 y: 260
Expected: 4095 Got: 4080 x:  32 y: 261
Expected: 4095 Got:   15 x:  33 y: 261
Expected: 4095 Got:   15 x:  34 y: 261
Expected: 4095 Got:   15 x:  35 y: 261
Expected: 4095 Got: 4080 x: 600 y: 261
Expected: 4095 Got: 4080 x: 601 y: 261
Expected: 4095 Got: 4080 x: 602 y: 261
Expected: 4095 Got: 4080 x: 603 y: 261
Expected: 4095 Got: 4080 x:  32 y: 262
Expected: 4095 Got:   15 x:  33 y: 262
Expected: 4095 Got:   15 x:  34 y: 262
Expected: 4095 Got:   15 x:  35 y: 262
Expected: 4095 Got: 4080 x: 600 y: 262
Expected: 4095 Got: 4080 x: 601 y: 262
Expected: 4095 Got: 4080 x: 602 y: 262
Expected: 4095 Got: 4080 x: 603 y: 262
Expected: 4095 Got: 4080 x:  32 y: 263
Expected: 4095 Got:   15 x:  33 y: 263
Expected: 4095 Got:   15 x:  34 y: 263
Expected: 4095 Got:   15 x:  35 y: 263
Expected: 4095 Got: 4080 x: 600 y: 263
Expected: 4095 Got: 4080 x: 601 y: 263
Expected: 4095 Got: 4080 x: 602 y: 263
Expected: 4095 Got: 4080 x: 603 y: 263
Expected: 4095 Got: 4080 x:  32 y: 264
Expected: 4095 Got:   15 x:  33 y: 264
Expected: 4095 Got:   15 x:  34 y: 264
Expected: 4095 Got:   15 x:  35 y: 264
Expected: 4095 Got: 4080 x: 600 y: 264
Expected: 4095 Got: 4080 x: 601 y: 264
Expected: 4095 Got: 4080 x: 602 y: 264
Expected: 4095 Got: 4080 x: 603 y: 264
Expected: 4095 Got: 4080 x:  32 y: 265
Expected: 4095 Got:   15 x:  33 y: 265
Expected: 4095 Got:   15 x:  34 y: 265
Expected: 4095 Got:   15 x:  35 y: 265
Expected: 4095 Got: 4080 x: 600 y: 265
Expected: 4095 Got: 4080 x: 601 y: 265
Expected: 4095 Got: 4080 x: 602 y: 265
Expected: 4095 Got: 4080 x: 603 y: 265
Expected: 4095 Got: 4080 x:  32 y: 266
Expected: 4095 Got:   15 x:  33 y: 266
Expected: 4095 Got:   15 x:  34 y: 266
Expected: 4095 Got:   15 x:  35 y: 266
Expected: 4095 Got: 4080 x: 600 y: 266
Expected: 4095 Got: 4080 x: 601 y: 266
Expected: 4095 Got: 4080 x: 602 y: 266
Expected: 4095 Got: 4080 x: 603 y: 266
Expected: 4095 Got: 4080 x:  32 y: 267
Expected: 4095 Got:   15 x:  33 y: 267
Expected: 4095 Got:   15 x:  34 y: 267
Expected: 4095 Got:   15 x:  35 y: 267
Expected: 4095 Got: 4080 x: 600 y: 267
Expected: 4095 Got: 4080 x: 601 y: 267
Expected: 4095 Got: 4080 x: 602 y: 267
Expected: 4095 Got: 4080 x: 603 y: 267
Expected: 4095 Got: 4080 x:  32 y: 268
Expected: 4095 Got:   15 x:  33 y: 268
Expected: 4095 Got:   15 x:  34 y: 268
Expected: 4095 Got:   15 x:  35 y: 268
Expected: 4095 Got: 4080 x: 600 y: 268
Expected: 4095 Got: 4080 x: 601 y: 268
Expected: 4095 Got: 4080 x: 602 y: 268
Expected: 4095 Got: 4080 x: 603 y: 268
Expected: 4095 Got: 4080 x:  32 y: 269
Expected: 4095 Got:   15 x:  33 y: 269
Expected: 4095 Got:   15 x:  34 y: 269
Expected: 4095 Got:   15 x:  35 y: 269
Expected: 4095 Got: 4080 x: 600 y: 269
Expected: 4095 Got: 4080 x: 601 y: 269
Expected: 4095 Got: 4080 x: 602 y: 269
Expected: 4095 Got: 4080 x: 603 y: 269
Expected: 4095 Got: 4080 x:  32 y: 270
Expected: 4095 Got:   15 x:  33 y: 270
Expected: 4095 Got:   15 x:  34 y: 270
Expected: 4095 Got:   15 x:  35 y: 270
Expected: 4095 Got: 4080 x: 600 y: 270
Expected: 4095 Got: 4080 x: 601 y: 270
Expected: 4095 Got: 4080 x: 602 y: 270
Expected: 4095 Got: 4080 x: 603 y: 270
Expected: 4095 Got: 4080 x:  32 y: 271
Expected: 4095 Got:   15 x:  33 y: 271
Expected: 4095 Got:   15 x:  34 y: 271
Expected: 4095 Got:   15 x:  35 y: 271
Expected: 4095 Got: 4080 x: 600 y: 271
Expected: 4095 Got: 4080 x: 601 y: 271
Expected: 4095 Got: 4080 x: 602 y: 271
Expected: 4095 Got: 4080 x: 603 y: 271
Expected: 4095 Got: 4080 x:  32 y: 272
Expected: 4095 Got:   15 x:  33 y: 272
Expected: 4095 Got:   15 x:  34 y: 272
Expected: 4095 Got:   15 x:  35 y: 272
Expected: 4095 Got: 4080 x: 600 y: 272
Expected: 4095 Got: 4080 x: 601 y: 272
Expected: 4095 Got: 4080 x: 602 y: 272
Expected: 4095 Got: 4080 x: 603 y: 272
Expected: 4095 Got: 4080 x:  32 y: 273
Expected: 4095 Got:   15 x:  33 y: 273
Expected: 4095 Got:   15 x:  34 y: 273
Expected: 4095 Got:   15 x:  35 y: 273
Expected: 4095 Got: 4080 x: 600 y: 273
Expected: 4095 Got: 4080 x: 601 y: 273
Expected: 4095 Got: 4080 x: 602 y: 273
Expected: 4095 Got: 4080 x: 603 y: 273
Expected: 4095 Got: 4080 x:  32 y: 274
Expected: 4095 Got:   15 x:  33 y: 274
Expected: 4095 Got:   15 x:  34 y: 274
Expected: 4095 Got:   15 x:  35 y: 274
Expected: 4095 Got: 4080 x: 600 y: 274
Expected: 4095 Got: 4080 x: 601 y: 274
Expected: 4095 Got: 4080 x: 602 y: 274
Expected: 4095 Got: 4080 x: 603 y: 274
Expected: 4095 Got: 4080 x:  32 y: 275
Expected: 4095 Got:   15 x:  33 y: 275
Expected: 4095 Got:   15 x:  34 y: 275
Expected: 4095 Got:   15 x:  35 y: 275
Expected: 4095 Got: 4080 x: 600 y: 275
Expected: 4095 Got: 4080 x: 601 y: 275
Expected: 4095 Got: 4080 x: 602 y: 275
Expected: 4095 Got: 4080 x: 603 y: 275
Expected: 4095 Got: 4080 x:  32 y: 276
Expected: 4095 Got:   15 x:  33 y: 276
Expected: 4095 Got:   15 x:  34 y: 276
Expected: 4095 Got:   15 x:  35 y: 276
Expected: 4095 Got: 4080 x: 600 y: 276
Expected: 4095 Got: 4080 x: 601 y: 276
Expected: 4095 Got: 4080 x: 602 y: 276
Expected: 4095 Got: 4080 x: 603 y: 276
Expected: 4095 Got: 4080 x:  32 y: 277
Expected: 4095 Got:   15 x:  33 y: 277
Expected: 4095 Got:   15 x:  34 y: 277
Expected: 4095 Got:   15 x:  35 y: 277
Expected: 4095 Got: 4080 x:  32 y: 278
Expected: 4095 Got:   15 x:  33 y: 278
Expected: 4095 Got:   15 x:  34 y: 278
Expected: 4095 Got:   15 x:  35 y: 278
Expected: 4095 Got: 4080 x:  32 y: 279
Expected: 4095 Got:   15 x:  33 y: 279
Expected: 4095 Got:   15 x:  34 y: 279
Expected: 4095 Got:   15 x:  35 y: 279
Expected: 4095 Got: 4080 x:  32 y: 280
Expected: 4095 Got:   15 x:  33 y: 280
Expected: 4095 Got:   15 x:  34 y: 280
Expected: 4095 Got:   15 x:  35 y: 280
Expected: 4095 Got: 4080 x:  32 y: 281
Expected: 4095 Got:   15 x:  33 y: 281
Expected: 4095 Got:   15 x:  34 y: 281
Expected: 4095 Got:   15 x:  35 y: 281
Expected: 4095 Got: 4080 x:  32 y: 282
Expected: 4095 Got:   15 x:  33 y: 282
Expected: 4095 Got:   15 x:  34 y: 282
Expected: 4095 Got:   15 x:  35 y: 282
Expected: 4095 Got: 4080 x:  32 y: 283
Expected: 4095 Got:   15 x:  33 y: 283
Expected: 4095 Got:   15 x:  34 y: 283
Expected: 4095 Got:   15 x:  35 y: 283
Expected: 4095 Got: 4080 x:  32 y: 284
Expected: 4095 Got:   15 x:  33 y: 284
Expected: 4095 Got:   15 x:  34 y: 284
Expected: 4095 Got:   15 x:  35 y: 284
Expected: 4095 Got: 4080 x:  32 y: 285
Expected: 4095 Got:   15 x:  33 y: 285
Expected: 4095 Got:   15 x:  34 y: 285
Expected: 4095 Got:   15 x:  35 y: 285
Expected: 4095 Got: 4080 x:  32 y: 286
Expected: 4095 Got:   15 x:  33 y: 286
Expected: 4095 Got:   15 x:  34 y: 286
Expected: 4095 Got:   15 x:  35 y: 286
Expected: 4095 Got: 4080 x:  32 y: 287
Expected: 4095 Got:   15 x:  33 y: 287
Expected: 4095 Got:   15 x:  34 y: 287
Expected: 4095 Got:   15 x:  35 y: 287
Expected: 4095 Got: 4080 x:  32 y: 288
Expected: 4095 Got:   15 x:  33 y: 288
Expected: 4095 Got:   15 x:  34 y: 288
Expected: 4095 Got:   15 x:  35 y: 288
Expected: 4095 Got: 4080 x:  32 y: 289
Expected: 4095 Got:   15 x:  33 y: 289
Expected: 4095 Got:   15 x:  34 y: 289
Expected: 4095 Got:   15 x:  35 y: 289
Expected: 4095 Got: 4080 x:  32 y: 290
Expected: 4095 Got:   15 x:  33 y: 290
Expected: 4095 Got:   15 x:  34 y: 290
Expected: 4095 Got:   15 x:  35 y: 290
Expected: 4095 Got: 4080 x:  32 y: 291
Expected: 4095 Got:   15 x:  33 y: 291
Expected: 4095 Got:   15 x:  34 y: 291
Expected: 4095 Got:   15 x:  35 y: 291
Expected: 4095 Got: 4080 x:  32 y: 292
Expected: 4095 Got:   15 x:  33 y: 292
Expected: 4095 Got:   15 x:  34 y: 292
Expected: 4095 Got:   15 x:  35 y: 292
Expected: 4095 Got: 4080 x:  32 y: 293
Expected: 4095 Got:   15 x:  33 y: 293
Expected: 4095 Got:   15 x:  34 y: 293
Expected: 4095 Got:   15 x:  35 y: 293
Expected: 4095 Got: 4080 x:  32 y: 294
Expected: 4095 Got:   15 x:  33 y: 294
Expected: 4095 Got:   15 x:  34 y: 294
Expected: 4095 Got:   15 x:  35 y: 294
Expected: 4095 Got: 4080 x:  32 y: 295
Expected: 4095 Got:   15 x:  33 y: 295
Expected: 4095 Got:   15 x:  34 y: 295
Expected: 4095 Got:   15 x:  35 y: 295
Expected: 4095 Got: 4080 x:  32 y: 296
Expected: 4095 Got:   15 x:  33 y: 296
Expected: 4095 Got:   15 x:  34 y: 296
Expected: 4095 Got:   15 x:  35 y: 296
Expected: 4095 Got: 4080 x:  32 y: 297
Expected: 4095 Got:   15 x:  33 y: 297
Expected: 4095 Got:   15 x:  34 y: 297
Expected: 4095 Got:   15 x:  35 y: 297
Expected: 4095 Got: 4080 x:  32 y: 298
Expected: 4095 Got:   15 x:  33 y: 298
Expected: 4095 Got:   15 x:  34 y: 298
Expected: 4095 Got:   15 x:  35 y: 298
Expected: 4095 Got: 4080 x:  32 y: 299
Expected: 4095 Got:   15 x:  33 y: 299
Expected: 4095 Got:   15 x:  34 y: 299
Expected: 4095 Got:   15 x:  35 y: 299
Expected: 4095 Got: 4080 x:  32 y: 300
Expected: 4095 Got:   15 x:  33 y: 300
Expected: 4095 Got:   15 x:  34 y: 300
Expected: 4095 Got:   15 x:  35 y: 300
Expected: 4095 Got: 4080 x:  32 y: 301
Expected: 4095 Got:   15 x:  33 y: 301
Expected: 4095 Got:   15 x:  34 y: 301
Expected: 4095 Got:   15 x:  35 y: 301
Expected: 4095 Got: 4080 x:  32 y: 302
Expected: 4095 Got:   15 x:  33 y: 302
Expected: 4095 Got:   15 x:  34 y: 302
Expected: 4095 Got:   15 x:  35 y: 302
Expected: 4095 Got: 4080 x:  32 y: 303
Expected: 4095 Got:   15 x:  33 y: 303
Expected: 4095 Got:   15 x:  34 y: 303
Expected: 4095 Got:   15 x:  35 y: 303
Expected: 4095 Got: 4080 x:  32 y: 304
Expected: 4095 Got:   15 x:  33 y: 304
Expected: 4095 Got:   15 x:  34 y: 304
Expected: 4095 Got:   15 x:  35 y: 304
Expected: 4095 Got: 4080 x:  32 y: 305
Expected: 4095 Got:   15 x:  33 y: 305
Expected: 4095 Got:   15 x:  34 y: 305
Expected: 4095 Got:   15 x:  35 y: 305
Expected: 4095 Got: 4080 x:  32 y: 306
Expected: 4095 Got:   15 x:  33 y: 306
Expected: 4095 Got:   15 x:  34 y: 306
Expected: 4095 Got:   15 x:  35 y: 306
Expected: 4095 Got: 4080 x:  32 y: 307
Expected: 4095 Got:   15 x:  33 y: 307
Expected: 4095 Got:   15 x:  34 y: 307
Expected: 4095 Got:   15 x:  35 y: 307
Expected: 4095 Got: 4080 x:  32 y: 308
Expected: 4095 Got:   15 x:  33 y: 308
Expected: 4095 Got:   15 x:  34 y: 308
Expected: 4095 Got:   15 x:  35 y: 308
Expected: 4095 Got: 4080 x:  32 y: 309
Expected: 4095 Got:   15 x:  33 y: 309
Expected: 4095 Got:   15 x:  34 y: 309
Expected: 4095 Got:   15 x:  35 y: 309
Expected: 4095 Got: 4080 x:  32 y: 310
Expected: 4095 Got:   15 x:  33 y: 310
Expected: 4095 Got:   15 x:  34 y: 310
Expected: 4095 Got:   15 x:  35 y: 310
Expected: 4095 Got: 4080 x:  32 y: 311
Expected: 4095 Got:   15 x:  33 y: 311
Expected: 4095 Got:   15 x:  34 y: 311
Expected: 4095 Got:   15 x:  35 y: 311
Expected: 4095 Got: 4080 x:  32 y: 312
Expected: 4095 Got:   15 x:  33 y: 312
Expected: 4095 Got:   15 x:  34 y: 312
Expected: 4095 Got:   15 x:  35 y: 312
Expected: 4095 Got: 4080 x:  32 y: 313
Expected: 4095 Got:   15 x:  33 y: 313
Expected: 4095 Got:   15 x:  34 y: 313
Expected: 4095 Got:   15 x:  35 y: 313
Expected: 4095 Got: 4080 x:  32 y: 314
Expected: 4095 Got:   15 x:  33 y: 314
Expected: 4095 Got:   15 x:  34 y: 314
Expected: 4095 Got:   15 x:  35 y: 314
Expected: 4095 Got: 4080 x:  32 y: 315
Expected: 4095 Got:   15 x:  33 y: 315
Expected: 4095 Got:   15 x:  34 y: 315
Expected: 4095 Got:   15 x:  35 y: 315
Expected: 4095 Got: 4080 x:  32 y: 316
Expected: 4095 Got:   15 x:  33 y: 316
Expected: 4095 Got:   15 x:  34 y: 316
Expected: 4095 Got:   15 x:  35 y: 316
Expected: 4095 Got: 4080 x:  32 y: 317
Expected: 4095 Got:   15 x:  33 y: 317
Expected: 4095 Got:   15 x:  34 y: 317
Expected: 4095 Got:   15 x:  35 y: 317
Expected: 4095 Got: 4080 x:  32 y: 318
Expected: 4095 Got:   15 x:  33 y: 318
Expected: 4095 Got:   15 x:  34 y: 318
Expected: 4095 Got:   15 x:  35 y: 318
Expected: 4095 Got: 4080 x:  32 y: 319
Expected: 4095 Got:   15 x:  33 y: 319
Expected: 4095 Got:   15 x:  34 y: 319
Expected: 4095 Got:   15 x:  35 y: 319
Expected: 4095 Got: 4080 x:  32 y: 320
Expected: 4095 Got:   15 x:  33 y: 320
Expected: 4095 Got:   15 x:  34 y: 320
Expected: 4095 Got:   15 x:  35 y: 320
Expected: 4095 Got: 4080 x:  32 y: 321
Expected: 4095 Got:   15 x:  33 y: 321
Expected: 4095 Got:   15 x:  34 y: 321
Expected: 4095 Got:   15 x:  35 y: 321
Expected: 4095 Got: 4080 x:  32 y: 322
Expected: 4095 Got:   15 x:  33 y: 322
Expected: 4095 Got:   15 x:  34 y: 322
Expected: 4095 Got:   15 x:  35 y: 322
Expected: 4095 Got: 4080 x:  32 y: 323
Expected: 4095 Got:   15 x:  33 y: 323
Expected: 4095 Got:   15 x:  34 y: 323
Expected: 4095 Got:   15 x:  35 y: 323
Expected: 4095 Got: 4080 x:  32 y: 324
Expected: 4095 Got:   15 x:  33 y: 324
Expected: 4095 Got:   15 x:  34 y: 324
Expected: 4095 Got:   15 x:  35 y: 324
Expected: 4095 Got: 4080 x:  32 y: 325
Expected: 4095 Got:   15 x:  33 y: 325
Expected: 4095 Got:   15 x:  34 y: 325
Expected: 4095 Got:   15 x:  35 y: 325
Expected: 4095 Got: 4080 x:  32 y: 326
Expected: 4095 Got:   15 x:  33 y: 326
Expected: 4095 Got:   15 x:  34 y: 326
Expected: 4095 Got:   15 x:  35 y: 326
Expected: 4095 Got: 4080 x:  32 y: 327
Expected: 4095 Got:   15 x:  33 y: 327
Expected: 4095 Got:   15 x:  34 y: 327
Expected: 4095 Got:   15 x:  35 y: 327
Expected: 4095 Got: 4080 x:  32 y: 328
Expected: 4095 Got:   15 x:  33 y: 328
Expected: 4095 Got:   15 x:  34 y: 328
Expected: 4095 Got:   15 x:  35 y: 328
Expected: 4095 Got: 4080 x:  32 y: 329
Expected: 4095 Got:   15 x:  33 y: 329
Expected: 4095 Got:   15 x:  34 y: 329
Expected: 4095 Got:   15 x:  35 y: 329
Expected: 4095 Got: 4080 x:  32 y: 330
Expected: 4095 Got:   15 x:  33 y: 330
Expected: 4095 Got:   15 x:  34 y: 330
Expected: 4095 Got:   15 x:  35 y: 330
Expected: 4095 Got: 4080 x:  32 y: 331
Expected: 4095 Got:   15 x:  33 y: 331
Expected: 4095 Got:   15 x:  34 y: 331
Expected: 4095 Got:   15 x:  35 y: 331
Expected: 4095 Got: 4080 x:  32 y: 332
Expected: 4095 Got:   15 x:  33 y: 332
Expected: 4095 Got:   15 x:  34 y: 332
Expected: 4095 Got:   15 x:  35 y: 332
Expected: 4095 Got: 4080 x:  32 y: 333
Expected: 4095 Got:   15 x:  33 y: 333
Expected: 4095 Got:   15 x:  34 y: 333
Expected: 4095 Got:   15 x:  35 y: 333
Expected: 4095 Got: 4080 x:  32 y: 334
Expected: 4095 Got:   15 x:  33 y: 334
Expected: 4095 Got:   15 x:  34 y: 334
Expected: 4095 Got:   15 x:  35 y: 334
Expected: 4095 Got: 4080 x:  32 y: 335
Expected: 4095 Got:   15 x:  33 y: 335
Expected: 4095 Got:   15 x:  34 y: 335
Expected: 4095 Got:   15 x:  35 y: 335
Expected: 4095 Got: 4080 x:  32 y: 336
Expected: 4095 Got:   15 x:  33 y: 336
Expected: 4095 Got:   15 x:  34 y: 336
Expected: 4095 Got:   15 x:  35 y: 336
Expected: 4095 Got: 4080 x:  32 y: 337
Expected: 4095 Got:   15 x:  33 y: 337
Expected: 4095 Got:   15 x:  34 y: 337
Expected: 4095 Got:   15 x:  35 y: 337
Expected: 4095 Got: 4080 x:  32 y: 338
Expected: 4095 Got:   15 x:  33 y: 338
Expected: 4095 Got:   15 x:  34 y: 338
Expected: 4095 Got:   15 x:  35 y: 338
Expected: 4095 Got: 4080 x:  32 y: 339
Expected: 4095 Got:   15 x:  33 y: 339
Expected: 4095 Got:   15 x:  34 y: 339
Expected: 4095 Got:   15 x:  35 y: 339
Expected: 4095 Got: 4080 x:  32 y: 340
Expected: 4095 Got:   15 x:  33 y: 340
Expected: 4095 Got:   15 x:  34 y: 340
Expected: 4095 Got:   15 x:  35 y: 340
Expected: 4095 Got: 4080 x:  32 y: 341
Expected: 4095 Got:   15 x:  33 y: 341
Expected: 4095 Got:   15 x:  34 y: 341
Expected: 4095 Got:   15 x:  35 y: 341
Expected: 4095 Got: 4080 x:  32 y: 342
Expected: 4095 Got:   15 x:  33 y: 342
Expected: 4095 Got:   15 x:  34 y: 342
Expected: 4095 Got:   15 x:  35 y: 342
Expected: 4095 Got: 4080 x:  32 y: 343
Expected: 4095 Got:   15 x:  33 y: 343
Expected: 4095 Got:   15 x:  34 y: 343
Expected: 4095 Got:   15 x:  35 y: 343
Expected: 4095 Got: 4080 x:  32 y: 344
Expected: 4095 Got:   15 x:  33 y: 344
Expected: 4095 Got:   15 x:  34 y: 344
Expected: 4095 Got:   15 x:  35 y: 344
Expected: 4095 Got: 4080 x:  32 y: 345
Expected: 4095 Got:   15 x:  33 y: 345
Expected: 4095 Got:   15 x:  34 y: 345
Expected: 4095 Got:   15 x:  35 y: 345
Expected: 4095 Got: 4080 x:  32 y: 346
Expected: 4095 Got:   15 x:  33 y: 346
Expected: 4095 Got:   15 x:  34 y: 346
Expected: 4095 Got:   15 x:  35 y: 346
Expected: 4095 Got: 4080 x:  32 y: 347
Expected: 4095 Got:   15 x:  33 y: 347
Expected: 4095 Got:   15 x:  34 y: 347
Expected: 4095 Got:   15 x:  35 y: 347
Expected: 4095 Got: 4080 x:  32 y: 348
Expected: 4095 Got:   15 x:  33 y: 348
Expected: 4095 Got:   15 x:  34 y: 348
Expected: 4095 Got:   15 x:  35 y: 348
Expected: 4095 Got: 4080 x:  32 y: 349
Expected: 4095 Got:   15 x:  33 y: 349
Expected: 4095 Got:   15 x:  34 y: 349
Expected: 4095 Got:   15 x:  35 y: 349
Expected: 4095 Got: 4080 x:  32 y: 350
Expected: 4095 Got:   15 x:  33 y: 350
Expected: 4095 Got:   15 x:  34 y: 350
Expected: 4095 Got:   15 x:  35 y: 350
Expected: 4095 Got: 4080 x:  32 y: 351
Expected: 4095 Got:   15 x:  33 y: 351
Expected: 4095 Got:   15 x:  34 y: 351
Expected: 4095 Got:   15 x:  35 y: 351
Expected: 4095 Got: 4080 x:  32 y: 352
Expected: 4095 Got:   15 x:  33 y: 352
Expected: 4095 Got:   15 x:  34 y: 352
Expected: 4095 Got:   15 x:  35 y: 352
Expected: 4095 Got: 4080 x:  32 y: 353
Expected: 4095 Got:   15 x:  33 y: 353
Expected: 4095 Got:   15 x:  34 y: 353
Expected: 4095 Got:   15 x:  35 y: 353
Expected: 4095 Got: 4080 x:  32 y: 354
Expected: 4095 Got:   15 x:  33 y: 354
Expected: 4095 Got:   15 x:  34 y: 354
Expected: 4095 Got:   15 x:  35 y: 354
Expected: 4095 Got: 4080 x:  32 y: 355
Expected: 4095 Got:   15 x:  33 y: 355
Expected: 4095 Got:   15 x:  34 y: 355
Expected: 4095 Got:   15 x:  35 y: 355
Expected: 4095 Got: 4080 x:  32 y: 356
Expected: 4095 Got:   15 x:  33 y: 356
Expected: 4095 Got:   15 x:  34 y: 356
Expected: 4095 Got:   15 x:  35 y: 356
Expected: 4095 Got: 4080 x:  32 y: 357
Expected: 4095 Got:   15 x:  33 y: 357
Expected: 4095 Got:   15 x:  34 y: 357
Expected: 4095 Got:   15 x:  35 y: 357
Expected: 4095 Got: 4080 x:  32 y: 358
Expected: 4095 Got:   15 x:  33 y: 358
Expected: 4095 Got:   15 x:  34 y: 358
Expected: 4095 Got:   15 x:  35 y: 358
Expected: 4095 Got: 4080 x:  32 y: 359
Expected: 4095 Got:   15 x:  33 y: 359
Expected: 4095 Got:   15 x:  34 y: 359
Expected: 4095 Got:   15 x:  35 y: 359
Expected: 4095 Got: 4080 x:  32 y: 360
Expected: 4095 Got:   15 x:  33 y: 360
Expected: 4095 Got:   15 x:  34 y: 360
Expected: 4095 Got:   15 x:  35 y: 360
Expected: 4095 Got: 4080 x:  32 y: 361
Expected: 4095 Got:   15 x:  33 y: 361
Expected: 4095 Got:   15 x:  34 y: 361
Expected: 4095 Got:   15 x:  35 y: 361
Expected: 4095 Got: 4080 x:  32 y: 362
Expected: 4095 Got:   15 x:  33 y: 362
Expected: 4095 Got:   15 x:  34 y: 362
Expected: 4095 Got:   15 x:  35 y: 362
Expected: 4095 Got: 4080 x:  32 y: 363
Expected: 4095 Got:   15 x:  33 y: 363
Expected: 4095 Got:   15 x:  34 y: 363
Expected: 4095 Got:   15 x:  35 y: 363
Expected: 4095 Got: 4080 x:  32 y: 364
Expected: 4095 Got:   15 x:  33 y: 364
Expected: 4095 Got:   15 x:  34 y: 364
Expected: 4095 Got:   15 x:  35 y: 364
Expected: 4095 Got: 4080 x:  32 y: 365
Expected: 4095 Got:   15 x:  33 y: 365
Expected: 4095 Got:   15 x:  34 y: 365
Expected: 4095 Got:   15 x:  35 y: 365
Expected: 4095 Got: 4080 x:  32 y: 366
Expected: 4095 Got:   15 x:  33 y: 366
Expected: 4095 Got:   15 x:  34 y: 366
Expected: 4095 Got:   15 x:  35 y: 366
Expected: 4095 Got: 4080 x:  32 y: 367
Expected: 4095 Got:   15 x:  33 y: 367
Expected: 4095 Got:   15 x:  34 y: 367
Expected: 4095 Got:   15 x:  35 y: 367
Expected: 4095 Got: 4080 x:  32 y: 368
Expected: 4095 Got:   15 x:  33 y: 368
Expected: 4095 Got:   15 x:  34 y: 368
Expected: 4095 Got:   15 x:  35 y: 368
Expected: 4095 Got: 4080 x:  32 y: 369
Expected: 4095 Got:   15 x:  33 y: 369
Expected: 4095 Got:   15 x:  34 y: 369
Expected: 4095 Got:   15 x:  35 y: 369
Expected: 4095 Got: 4080 x:  32 y: 370
Expected: 4095 Got:   15 x:  33 y: 370
Expected: 4095 Got:   15 x:  34 y: 370
Expected: 4095 Got:   15 x:  35 y: 370
Expected: 4095 Got: 4080 x:  32 y: 371
Expected: 4095 Got:   15 x:  33 y: 371
Expected: 4095 Got:   15 x:  34 y: 371
Expected: 4095 Got:   15 x:  35 y: 371
Expected: 4095 Got: 4080 x:  32 y: 372
Expected: 4095 Got:   15 x:  33 y: 372
Expected: 4095 Got:   15 x:  34 y: 372
Expected: 4095 Got:   15 x:  35 y: 372
Expected: 4095 Got: 4080 x:  32 y: 373
Expected: 4095 Got:   15 x:  33 y: 373
Expected: 4095 Got:   15 x:  34 y: 373
Expected: 4095 Got:   15 x:  35 y: 373
Expected: 4095 Got: 4080 x:  32 y: 374
Expected: 4095 Got:   15 x:  33 y: 374
Expected: 4095 Got:   15 x:  34 y: 374
Expected: 4095 Got:   15 x:  35 y: 374
Expected: 4095 Got: 4080 x:  32 y: 375
Expected: 4095 Got:   15 x:  33 y: 375
Expected: 4095 Got:   15 x:  34 y: 375
Expected: 4095 Got:   15 x:  35 y: 375
Expected: 4095 Got: 4080 x:  32 y: 376
Expected: 4095 Got:   15 x:  33 y: 376
Expected: 4095 Got:   15 x:  34 y: 376
Expected: 4095 Got:   15 x:  35 y: 376
Expected: 4095 Got: 4080 x:  32 y: 377
Expected: 4095 Got:   15 x:  33 y: 377
Expected: 4095 Got:   15 x:  34 y: 377
Expected: 4095 Got:   15 x:  35 y: 377
Expected: 4095 Got: 4080 x:  32 y: 378
Expected: 4095 Got:   15 x:  33 y: 378
Expected: 4095 Got:   15 x:  34 y: 378
Expected: 4095 Got:   15 x:  35 y: 378
Expected: 4095 Got: 4080 x:  32 y: 379
Expected: 4095 Got:   15 x:  33 y: 379
Expected: 4095 Got:   15 x:  34 y: 379
Expected: 4095 Got:   15 x:  35 y: 379
Expected: 4095 Got: 4080 x:  32 y: 380
Expected: 4095 Got:   15 x:  33 y: 380
Expected: 4095 Got:   15 x:  34 y: 380
Expected: 4095 Got:   15 x:  35 y: 380
Expected: 4095 Got: 4080 x:  32 y: 381
Expected: 4095 Got:   15 x:  33 y: 381
Expected: 4095 Got:   15 x:  34 y: 381
Expected: 4095 Got:   15 x:  35 y: 381
Expected: 4095 Got: 4080 x:  32 y: 382
Expected: 4095 Got:   15 x:  33 y: 382
Expected: 4095 Got:   15 x:  34 y: 382
Expected: 4095 Got:   15 x:  35 y: 382
Expected: 4095 Got: 4080 x:  32 y: 383
Expected: 4095 Got:   15 x:  33 y: 383
Expected: 4095 Got:   15 x:  34 y: 383
Expected: 4095 Got:   15 x:  35 y: 383
Expected: 4095 Got: 4080 x:  32 y: 384
Expected: 4095 Got:   15 x:  33 y: 384
Expected: 4095 Got:   15 x:  34 y: 384
Expected: 4095 Got:   15 x:  35 y: 384
Expected: 4095 Got: 4080 x:  32 y: 385
Expected: 4095 Got:   15 x:  33 y: 385
Expected: 4095 Got:   15 x:  34 y: 385
Expected: 4095 Got:   15 x:  35 y: 385
Expected: 4095 Got: 4080 x:  32 y: 386
Expected: 4095 Got:   15 x:  33 y: 386
Expected: 4095 Got:   15 x:  34 y: 386
Expected: 4095 Got:   15 x:  35 y: 386
Expected: 4095 Got: 4080 x:  32 y: 387
Expected: 4095 Got:   15 x:  33 y: 387
Expected: 4095 Got:   15 x:  34 y: 387
Expected: 4095 Got:   15 x:  35 y: 387
Expected: 4095 Got: 4080 x:  32 y: 388
Expected: 4095 Got:   15 x:  33 y: 388
Expected: 4095 Got:   15 x:  34 y: 388
Expected: 4095 Got:   15 x:  35 y: 388
Expected: 4095 Got: 4080 x:  32 y: 389
Expected: 4095 Got:   15 x:  33 y: 389
Expected: 4095 Got:   15 x:  34 y: 389
Expected: 4095 Got:   15 x:  35 y: 389
Expected: 4095 Got: 4080 x:  32 y: 390
Expected: 4095 Got:   15 x:  33 y: 390
Expected: 4095 Got:   15 x:  34 y: 390
Expected: 4095 Got:   15 x:  35 y: 390
Expected: 4095 Got: 4080 x:  32 y: 391
Expected: 4095 Got:   15 x:  33 y: 391
Expected: 4095 Got:   15 x:  34 y: 391
Expected: 4095 Got:   15 x:  35 y: 391
Expected: 4095 Got: 4080 x:  32 y: 392
Expected: 4095 Got:   15 x:  33 y: 392
Expected: 4095 Got:   15 x:  34 y: 392
Expected: 4095 Got:   15 x:  35 y: 392
Expected: 4095 Got: 4080 x:  32 y: 393
Expected: 4095 Got:   15 x:  33 y: 393
Expected: 4095 Got:   15 x:  34 y: 393
Expected: 4095 Got:   15 x:  35 y: 393
Expected: 4095 Got: 4080 x:  32 y: 394
Expected: 4095 Got:   15 x:  33 y: 394
Expected: 4095 Got:   15 x:  34 y: 394
Expected: 4095 Got:   15 x:  35 y: 394
Expected: 4095 Got: 4080 x:  32 y: 395
Expected: 4095 Got:   15 x:  33 y: 395
Expected: 4095 Got:   15 x:  34 y: 395
Expected: 4095 Got:   15 x:  35 y: 395
Expected: 4095 Got: 4080 x:  32 y: 396
Expected: 4095 Got:   15 x:  33 y: 396
Expected: 4095 Got:   15 x:  34 y: 396
Expected: 4095 Got:   15 x:  35 y: 396
Expected: 4095 Got: 4080 x:  32 y: 397
Expected: 4095 Got:   15 x:  33 y: 397
Expected: 4095 Got:   15 x:  34 y: 397
Expected: 4095 Got:   15 x:  35 y: 397
Expected: 4095 Got: 4080 x:  32 y: 398
Expected: 4095 Got:   15 x:  33 y: 398
Expected: 4095 Got:   15 x:  34 y: 398
Expected: 4095 Got:   15 x:  35 y: 398
Expected: 4095 Got: 4080 x:  32 y: 399
Expected: 4095 Got:   15 x:  33 y: 399
Expected: 4095 Got:   15 x:  34 y: 399
Expected: 4095 Got:   15 x:  35 y: 399
Expected: 4095 Got: 4080 x:  32 y: 400
Expected: 4095 Got:   15 x:  33 y: 400
Expected: 4095 Got:   15 x:  34 y: 400
Expected: 4095 Got:   15 x:  35 y: 400
Expected: 4095 Got: 4080 x:  32 y: 401
Expected: 4095 Got:   15 x:  33 y: 401
Expected: 4095 Got:   15 x:  34 y: 401
Expected: 4095 Got:   15 x:  35 y: 401
Expected: 4095 Got: 4080 x:  32 y: 402
Expected: 4095 Got:   15 x:  33 y: 402
Expected: 4095 Got:   15 x:  34 y: 402
Expected: 4095 Got:   15 x:  35 y: 402
Expected: 4095 Got: 4080 x:  32 y: 403
Expected: 4095 Got:   15 x:  33 y: 403
Expected: 4095 Got:   15 x:  34 y: 403
Expected: 4095 Got:   15 x:  35 y: 403
Expected: 4095 Got: 4080 x:  32 y: 404
Expected: 4095 Got:   15 x:  33 y: 404
Expected: 4095 Got:   15 x:  34 y: 404
Expected: 4095 Got:   15 x:  35 y: 404
Expected: 4095 Got: 4080 x:  32 y: 405
Expected: 4095 Got:   15 x:  33 y: 405
Expected: 4095 Got:   15 x:  34 y: 405
Expected: 4095 Got:   15 x:  35 y: 405
Expected: 4095 Got: 4080 x:  32 y: 406
Expected: 4095 Got:   15 x:  33 y: 406
Expected: 4095 Got:   15 x:  34 y: 406
Expected: 4095 Got:   15 x:  35 y: 406
Expected: 4095 Got: 4080 x:  32 y: 407
Expected: 4095 Got:   15 x:  33 y: 407
Expected: 4095 Got:   15 x:  34 y: 407
Expected: 4095 Got:   15 x:  35 y: 407
Expected: 4095 Got: 4080 x:  32 y: 408
Expected: 4095 Got:   15 x:  33 y: 408
Expected: 4095 Got:   15 x:  34 y: 408
Expected: 4095 Got:   15 x:  35 y: 408
Expected: 4095 Got: 4080 x:  32 y: 409
Expected: 4095 Got:   15 x:  33 y: 409
Expected: 4095 Got:   15 x:  34 y: 409
Expected: 4095 Got:   15 x:  35 y: 409
Expected: 4095 Got: 4080 x:  32 y: 410
Expected: 4095 Got:   15 x:  33 y: 410
Expected: 4095 Got:   15 x:  34 y: 410
Expected: 4095 Got:   15 x:  35 y: 410
Expected: 4095 Got: 4080 x:  32 y: 411
Expected: 4095 Got:   15 x:  33 y: 411
Expected: 4095 Got:   15 x:  34 y: 411
Expected: 4095 Got:   15 x:  35 y: 411
Expected: 4095 Got: 4080 x:  32 y: 412
Expected: 4095 Got:   15 x:  33 y: 412
Expected: 4095 Got:   15 x:  34 y: 412
Expected: 4095 Got:   15 x:  35 y: 412
Expected: 4095 Got: 4080 x:  32 y: 413
Expected: 4095 Got:   15 x:  33 y: 413
Expected: 4095 Got:   15 x:  34 y: 413
Expected: 4095 Got:   15 x:  35 y: 413
Expected: 4095 Got: 4080 x:  32 y: 414
Expected: 4095 Got:   15 x:  33 y: 414
Expected: 4095 Got:   15 x:  34 y: 414
Expected: 4095 Got:   15 x:  35 y: 414
Expected: 4095 Got: 4080 x:  32 y: 415
Expected: 4095 Got:   15 x:  33 y: 415
Expected: 4095 Got:   15 x:  34 y: 415
Expected: 4095 Got:   15 x:  35 y: 415
Expected: 4095 Got: 4080 x:  32 y: 416
Expected: 4095 Got:   15 x:  33 y: 416
Expected: 4095 Got:   15 x:  34 y: 416
Expected: 4095 Got:   15 x:  35 y: 416
Expected: 4095 Got: 4080 x:  32 y: 417
Expected: 4095 Got:   15 x:  33 y: 417
Expected: 4095 Got:   15 x:  34 y: 417
Expected: 4095 Got:   15 x:  35 y: 417
Expected: 4095 Got: 4080 x:  32 y: 418
Expected: 4095 Got:   15 x:  33 y: 418
Expected: 4095 Got:   15 x:  34 y: 418
Expected: 4095 Got:   15 x:  35 y: 418
Expected: 4095 Got: 4080 x:  32 y: 419
Expected: 4095 Got:   15 x:  33 y: 419
Expected: 4095 Got:   15 x:  34 y: 419
Expected: 4095 Got:   15 x:  35 y: 419
Expected: 4095 Got: 4080 x:  32 y: 420
Expected: 4095 Got:   15 x:  33 y: 420
Expected: 4095 Got:   15 x:  34 y: 420
Expected: 4095 Got:   15 x:  35 y: 420
Expected: 4095 Got: 4080 x:  32 y: 421
Expected: 4095 Got:   15 x:  33 y: 421
Expected: 4095 Got:   15 x:  34 y: 421
Expected: 4095 Got:   15 x:  35 y: 421
Expected: 4095 Got: 4080 x:  32 y: 422
Expected: 4095 Got:   15 x:  33 y: 422
Expected: 4095 Got:   15 x:  34 y: 422
Expected: 4095 Got:   15 x:  35 y: 422
Expected: 4095 Got: 4080 x:  32 y: 423
Expected: 4095 Got:   15 x:  33 y: 423
Expected: 4095 Got:   15 x:  34 y: 423
Expected: 4095 Got:   15 x:  35 y: 423
Expected: 4095 Got: 4080 x:  32 y: 424
Expected: 4095 Got:   15 x:  33 y: 424
Expected: 4095 Got:   15 x:  34 y: 424
Expected: 4095 Got:   15 x:  35 y: 424
Expected: 4095 Got: 4080 x:  32 y: 425
Expected: 4095 Got:   15 x:  33 y: 425
Expected: 4095 Got:   15 x:  34 y: 425
Expected: 4095 Got:   15 x:  35 y: 425
Expected: 4095 Got: 4080 x:  32 y: 426
Expected: 4095 Got:   15 x:  33 y: 426
Expected: 4095 Got:   15 x:  34 y: 426
Expected: 4095 Got:   15 x:  35 y: 426
Expected: 4095 Got: 4080 x:  32 y: 427
Expected: 4095 Got:   15 x:  33 y: 427
Expected: 4095 Got:   15 x:  34 y: 427
Expected: 4095 Got:   15 x:  35 y: 427
Expected: 4095 Got: 4080 x:  32 y: 428
Expected: 4095 Got:   15 x:  33 y: 428
Expected: 4095 Got:   15 x:  34 y: 428
Expected: 4095 Got:   15 x:  35 y: 428
Expected: 4095 Got: 4080 x:  32 y: 429
Expected: 4095 Got:   15 x:  33 y: 429
Expected: 4095 Got:   15 x:  34 y: 429
Expected: 4095 Got:   15 x:  35 y: 429
Expected: 4095 Got: 4080 x:  32 y: 430
Expected: 4095 Got:   15 x:  33 y: 430
Expected: 4095 Got:   15 x:  34 y: 430
Expected: 4095 Got:   15 x:  35 y: 430
Expected: 4095 Got: 4080 x:  32 y: 431
Expected: 4095 Got:   15 x:  33 y: 431
Expected: 4095 Got:   15 x:  34 y: 431
Expected: 4095 Got:   15 x:  35 y: 431
Expected: 4095 Got: 4080 x:  32 y: 432
Expected: 4095 Got:   15 x:  33 y: 432
Expected: 4095 Got:   15 x:  34 y: 432
Expected: 4095 Got:   15 x:  35 y: 432
Expected: 4095 Got: 4080 x:  32 y: 433
Expected: 4095 Got:   15 x:  33 y: 433
Expected: 4095 Got:   15 x:  34 y: 433
Expected: 4095 Got:   15 x:  35 y: 433
Expected: 4095 Got: 4080 x:  32 y: 434
Expected: 4095 Got:   15 x:  33 y: 434
Expected: 4095 Got:   15 x:  34 y: 434
Expected: 4095 Got:   15 x:  35 y: 434
Expected: 4095 Got: 4080 x:  32 y: 435
Expected: 4095 Got:   15 x:  33 y: 435
Expected: 4095 Got:   15 x:  34 y: 435
Expected: 4095 Got:   15 x:  35 y: 435
Expected: 4095 Got: 4080 x:  32 y: 436
Expected: 4095 Got:   15 x:  33 y: 436
Expected: 4095 Got:   15 x:  34 y: 436
Expected: 4095 Got:   15 x:  35 y: 436
Expected: 4095 Got: 4080 x:  32 y: 437
Expected: 4095 Got:   15 x:  33 y: 437
Expected: 4095 Got:   15 x:  34 y: 437
Expected: 4095 Got:   15 x:  35 y: 437
Expected: 4095 Got: 4080 x:  32 y: 438
Expected: 4095 Got:   15 x:  33 y: 438
Expected: 4095 Got:   15 x:  34 y: 438
Expected: 4095 Got:   15 x:  35 y: 438
Expected: 4095 Got: 4080 x:  32 y: 439
Expected: 4095 Got:   15 x:  33 y: 439
Expected: 4095 Got:   15 x:  34 y: 439
Expected: 4095 Got:   15 x:  35 y: 439
Expected: 4095 Got: 4080 x:  32 y: 440
Expected: 4095 Got:   15 x:  33 y: 440
Expected: 4095 Got:   15 x:  34 y: 440
Expected: 4095 Got:   15 x:  35 y: 440
Expected: 4095 Got: 4080 x:  32 y: 441
Expected: 4095 Got:   15 x:  33 y: 441
Expected: 4095 Got:   15 x:  34 y: 441
Expected: 4095 Got:   15 x:  35 y: 441
Expected: 4095 Got: 4080 x:  32 y: 442
Expected: 4095 Got:   15 x:  33 y: 442
Expected: 4095 Got:   15 x:  34 y: 442
Expected: 4095 Got:   15 x:  35 y: 442
Expected: 4095 Got: 4080 x:  32 y: 443
Expected: 4095 Got:   15 x:  33 y: 443
Expected: 4095 Got:   15 x:  34 y: 443
Expected: 4095 Got:   15 x:  35 y: 443
Expected: 4095 Got: 4080 x:  32 y: 444
Expected: 4095 Got:   15 x:  33 y: 444
Expected: 4095 Got:   15 x:  34 y: 444
Expected: 4095 Got:   15 x:  35 y: 444
Expected: 4095 Got: 4080 x:  32 y: 445
Expected: 4095 Got:   15 x:  33 y: 445
Expected: 4095 Got:   15 x:  34 y: 445
Expected: 4095 Got:   15 x:  35 y: 445
Expected: 4095 Got: 4080 x:  32 y: 446
Expected: 4095 Got:   15 x:  33 y: 446
Expected: 4095 Got:   15 x:  34 y: 446
Expected: 4095 Got:   15 x:  35 y: 446
Expected: 4095 Got: 4080 x:  32 y: 447
Expected: 4095 Got:   15 x:  33 y: 447
Expected: 4095 Got:   15 x:  34 y: 447
Expected: 4095 Got:   15 x:  35 y: 447
Expected: 4095 Got: 4080 x:  32 y: 448
Expected: 4095 Got:   15 x:  33 y: 448
Expected: 4095 Got:   15 x:  34 y: 448
Expected: 4095 Got:   15 x:  35 y: 448
Expected: 4095 Got: 4080 x:  32 y: 449
Expected: 4095 Got:   15 x:  33 y: 449
Expected: 4095 Got:   15 x:  34 y: 449
Expected: 4095 Got:   15 x:  35 y: 449
Expected: 4095 Got: 4080 x:  32 y: 450
Expected: 4095 Got:   15 x:  33 y: 450
Expected: 4095 Got:   15 x:  34 y: 450
Expected: 4095 Got:   15 x:  35 y: 450
Expected: 4095 Got: 4080 x:  32 y: 451
Expected: 4095 Got:   15 x:  33 y: 451
Expected: 4095 Got:   15 x:  34 y: 451
Expected: 4095 Got:   15 x:  35 y: 451
Expected: 4095 Got: 4080 x:  32 y: 452
Expected: 4095 Got:   15 x:  33 y: 452
Expected: 4095 Got:   15 x:  34 y: 452
Expected: 4095 Got:   15 x:  35 y: 452
Expected: 4095 Got: 4080 x:  32 y: 453
Expected: 4095 Got:   15 x:  33 y: 453
Expected: 4095 Got:   15 x:  34 y: 453
Expected: 4095 Got:   15 x:  35 y: 453
Expected: 4095 Got: 4080 x:  32 y: 454
Expected: 4095 Got:   15 x:  33 y: 454
Expected: 4095 Got:   15 x:  34 y: 454
Expected: 4095 Got:   15 x:  35 y: 454
Expected: 4095 Got: 4080 x:  32 y: 455
Expected: 4095 Got:   15 x:  33 y: 455
Expected: 4095 Got:   15 x:  34 y: 455
Expected: 4095 Got:   15 x:  35 y: 455
Expected: 4095 Got: 4080 x:  32 y: 456
Expected: 4095 Got:   15 x:  33 y: 456
Expected: 4095 Got:   15 x:  34 y: 456
Expected: 4095 Got:   15 x:  35 y: 456
Expected: 4095 Got: 4080 x:  32 y: 457
Expected: 4095 Got:   15 x:  33 y: 457
Expected: 4095 Got:   15 x:  34 y: 457
Expected: 4095 Got:   15 x:  35 y: 457
Expected: 4095 Got: 4080 x:  32 y: 458
Expected: 4095 Got:   15 x:  33 y: 458
Expected: 4095 Got:   15 x:  34 y: 458
Expected: 4095 Got:   15 x:  35 y: 458
Expected: 4095 Got: 4080 x:  32 y: 459
Expected: 4095 Got:   15 x:  33 y: 459
Expected: 4095 Got:   15 x:  34 y: 459
Expected: 4095 Got:   15 x:  35 y: 459
Expected: 4095 Got: 4080 x:  32 y: 460
Expected: 4095 Got:   15 x:  33 y: 460
Expected: 4095 Got:   15 x:  34 y: 460
Expected: 4095 Got:   15 x:  35 y: 460
Expected: 4095 Got: 4080 x:  32 y: 461
Expected: 4095 Got:   15 x:  33 y: 461
Expected: 4095 Got:   15 x:  34 y: 461
Expected: 4095 Got:   15 x:  35 y: 461
Expected: 4095 Got: 4080 x:  32 y: 462
Expected: 4095 Got:   15 x:  33 y: 462
Expected: 4095 Got:   15 x:  34 y: 462
Expected: 4095 Got:   15 x:  35 y: 462
Expected: 4095 Got: 4080 x:  32 y: 463
Expected: 4095 Got:   15 x:  33 y: 463
Expected: 4095 Got:   15 x:  34 y: 463
Expected: 4095 Got:   15 x:  35 y: 463
Expected: 4095 Got: 4080 x:  32 y: 464
Expected: 4095 Got:   15 x:  33 y: 464
Expected: 4095 Got:   15 x:  34 y: 464
Expected: 4095 Got:   15 x:  35 y: 464
Expected: 4095 Got: 4080 x:  32 y: 465
Expected: 4095 Got:   15 x:  33 y: 465
Expected: 4095 Got:   15 x:  34 y: 465
Expected: 4095 Got:   15 x:  35 y: 465
Expected: 4095 Got: 4080 x:  32 y: 466
Expected: 4095 Got:   15 x:  33 y: 466
Expected: 4095 Got:   15 x:  34 y: 466
Expected: 4095 Got:   15 x:  35 y: 466
Expected: 4095 Got: 4080 x:  32 y: 467
Expected: 4095 Got:   15 x:  33 y: 467
Expected: 4095 Got:   15 x:  34 y: 467
Expected: 4095 Got:   15 x:  35 y: 467
Expected: 4095 Got: 4080 x:  32 y: 468
Expected: 4095 Got:   15 x:  33 y: 468
Expected: 4095 Got:   15 x:  34 y: 468
Expected: 4095 Got:   15 x:  35 y: 468
Expected: 4095 Got: 4080 x:  32 y: 469
Expected: 4095 Got:   15 x:  33 y: 469
Expected: 4095 Got:   15 x:  34 y: 469
Expected: 4095 Got:   15 x:  35 y: 469
Expected: 4095 Got: 4080 x:  32 y: 470
Expected: 4095 Got:   15 x:  33 y: 470
Expected: 4095 Got:   15 x:  34 y: 470
Expected: 4095 Got:   15 x:  35 y: 470
Expected: 4095 Got: 4080 x:  32 y: 471
Expected: 4095 Got:   15 x:  33 y: 471
Expected: 4095 Got:   15 x:  34 y: 471
Expected: 4095 Got:   15 x:  35 y: 471
Expected: 4095 Got: 4080 x:  32 y: 472
Expected: 4095 Got:   15 x:  33 y: 472
Expected: 4095 Got:   15 x:  34 y: 472
Expected: 4095 Got:   15 x:  35 y: 472
Expected: 4095 Got: 4080 x:  32 y: 473
Expected: 4095 Got:   15 x:  33 y: 473
Expected: 4095 Got:   15 x:  34 y: 473
Expected: 4095 Got:   15 x:  35 y: 473
Expected: 4095 Got: 4080 x:  32 y: 474
Expected: 4095 Got:   15 x:  33 y: 474
Expected: 4095 Got:   15 x:  34 y: 474
Expected: 4095 Got:   15 x:  35 y: 474
Expected: 4095 Got: 4080 x:  32 y: 475
Expected: 4095 Got:   15 x:  33 y: 475
Expected: 4095 Got:   15 x:  34 y: 475
Expected: 4095 Got:   15 x:  35 y: 475
Expected: 4095 Got: 4080 x:  32 y: 476
Expected: 4095 Got:   15 x:  33 y: 476
Expected: 4095 Got:   15 x:  34 y: 476
Expected: 4095 Got:   15 x:  35 y: 476
Expected: 4095 Got: 4080 x:  32 y: 477
Expected: 4095 Got:   15 x:  33 y: 477
Expected: 4095 Got:   15 x:  34 y: 477
Expected: 4095 Got:   15 x:  35 y: 477
Expected: 4095 Got: 4080 x:  32 y: 478
Expected: 4095 Got:   15 x:  33 y: 478
Expected: 4095 Got:   15 x:  34 y: 478
Expected: 4095 Got:   15 x:  35 y: 478
Expected: 4095 Got: 4080 x:  32 y: 479
Expected: 4095 Got:   15 x:  33 y: 479
Expected: 4095 Got:   15 x:  34 y: 479
Expected: 4095 Got:   15 x:  35 y: 479
Requirement 2 Correct.
The VGA Synchronization Logic shall be updated at a 25 MHz rate.
Requirement 3 Correct.
The Horizontal Scan Count shall be updated at the 25 MHz rate.
Requirement 4 Correct.
The Horizontal Scan Count shall range from 0 to 799.
Requirement 5 Correct.
The Horizontal Sync signal shall be LOW ACTIVE and shall be active from Horizontal Scan Count 656 through 751.
Requirement 6 Correct.
The Horizontal Video On signal shall be HIGH ACTIVE and shall be active from Horizontal Scan Count 0 through 639.
Requirement 7 Correct.
The Vertical Scan Count shall be updated at the completion of the Horizontal Scan.
Requirement 8 Correct
The Vertical Scan Count shall range from 0 to 524.
Requirement 9 Correct.
The Vertical Sync Signal shall be LOW ACTIVE and shall be active from Vertical Scan Count 490 through 491.
Requirement 10 Correct.
The Vertical Video On signal shall be HIGH ACTIVE and shall be active from Vertical Scan Count 0 through 479.
Requirement 11 Correct.
The Video On signal shall be HIGH ACTIVE and shall be active with the Horizontal Video On and Vertical Video On are active at the same time.
Requirement 12 Correct.
The RGB signals shall be driven while the Video On signal is ACTIVE. When the Video On signal is INACTIVE the RGB signals shall be held at 0.
Graphic Generation Requirement 3 Incorrect.
Wall did not occupy horizontal scan region 32 to 35.
Graphic Generation Requirement 4 Incorrect.
Paddle did not occupy horizontal scan region 600 to 603 and vertical scan region from 204 to 276.
Graphic Generation Requirement 5 Incorrect.
Paddle did not occupy horizontal scan region 580 to 588 and vertical scan region from 238 to 246.
